Starting training process...
Train Loss: 0.7510
Val Loss: 0.6939, Val Accuracy: 0.5005
Epoch 1/300, Train Loss: 0.7510, Val Loss: 0.6939, Val Accuracy: 0.5005
Train Loss: 0.7117
Val Loss: 0.6960, Val Accuracy: 0.5050
Epoch 2/300, Train Loss: 0.7117, Val Loss: 0.6960, Val Accuracy: 0.5050
Train Loss: 0.7033
Val Loss: 0.7082, Val Accuracy: 0.5000
Epoch 3/300, Train Loss: 0.7033, Val Loss: 0.7082, Val Accuracy: 0.5000
Train Loss: 0.7002
Val Loss: 0.7237, Val Accuracy: 0.5000
Epoch 4/300, Train Loss: 0.7002, Val Loss: 0.7237, Val Accuracy: 0.5000
Train Loss: 0.6995
Val Loss: 0.6975, Val Accuracy: 0.5000
Epoch 5/300, Train Loss: 0.6995, Val Loss: 0.6975, Val Accuracy: 0.5000
Train Loss: 0.6994
Val Loss: 0.7698, Val Accuracy: 0.4950
Epoch 6/300, Train Loss: 0.6994, Val Loss: 0.7698, Val Accuracy: 0.4950
Train Loss: 0.6990
Val Loss: 0.7004, Val Accuracy: 0.5000
Epoch 7/300, Train Loss: 0.6990, Val Loss: 0.7004, Val Accuracy: 0.5000
Train Loss: 0.6991
Val Loss: 0.7085, Val Accuracy: 0.5050
Epoch 8/300, Train Loss: 0.6991, Val Loss: 0.7085, Val Accuracy: 0.5050
Train Loss: 0.6968
Val Loss: 0.7027, Val Accuracy: 0.5020
Epoch 9/300, Train Loss: 0.6968, Val Loss: 0.7027, Val Accuracy: 0.5020
Train Loss: 0.6966
Val Loss: 0.6959, Val Accuracy: 0.5000
Epoch 10/300, Train Loss: 0.6966, Val Loss: 0.6959, Val Accuracy: 0.5000
Train Loss: 0.6964
Val Loss: 0.6948, Val Accuracy: 0.5000
Epoch 11/300, Train Loss: 0.6964, Val Loss: 0.6948, Val Accuracy: 0.5000
Train Loss: 0.6976
Val Loss: 0.6952, Val Accuracy: 0.5000
Epoch 12/300, Train Loss: 0.6976, Val Loss: 0.6952, Val Accuracy: 0.5000
Train Loss: 0.6964
Val Loss: 0.6954, Val Accuracy: 0.4990
Epoch 13/300, Train Loss: 0.6964, Val Loss: 0.6954, Val Accuracy: 0.4990
Train Loss: 0.6969
Val Loss: 0.7018, Val Accuracy: 0.5000
Epoch 14/300, Train Loss: 0.6969, Val Loss: 0.7018, Val Accuracy: 0.5000
Train Loss: 0.6958
Val Loss: 0.7189, Val Accuracy: 0.5090
Epoch 15/300, Train Loss: 0.6958, Val Loss: 0.7189, Val Accuracy: 0.5090
Train Loss: 0.6950
Val Loss: 0.7173, Val Accuracy: 0.5000
Epoch 16/300, Train Loss: 0.6950, Val Loss: 0.7173, Val Accuracy: 0.5000
Train Loss: 0.6978
Val Loss: 0.7048, Val Accuracy: 0.5025
Epoch 17/300, Train Loss: 0.6978, Val Loss: 0.7048, Val Accuracy: 0.5025
Train Loss: 0.6950
Val Loss: 0.6957, Val Accuracy: 0.5050
Epoch 18/300, Train Loss: 0.6950, Val Loss: 0.6957, Val Accuracy: 0.5050
Train Loss: 0.6946
Val Loss: 0.6965, Val Accuracy: 0.5000
Epoch 19/300, Train Loss: 0.6946, Val Loss: 0.6965, Val Accuracy: 0.5000
Train Loss: 0.6961
Val Loss: 0.6951, Val Accuracy: 0.4995
Epoch 20/300, Train Loss: 0.6961, Val Loss: 0.6951, Val Accuracy: 0.4995
Train Loss: 0.6960
Val Loss: 0.6943, Val Accuracy: 0.5055
Epoch 21/300, Train Loss: 0.6960, Val Loss: 0.6943, Val Accuracy: 0.5055
Train Loss: 0.6952
Val Loss: 0.6960, Val Accuracy: 0.5000
Epoch 22/300, Train Loss: 0.6952, Val Loss: 0.6960, Val Accuracy: 0.5000
Train Loss: 0.6962
Val Loss: 0.6981, Val Accuracy: 0.5000
Epoch 23/300, Train Loss: 0.6962, Val Loss: 0.6981, Val Accuracy: 0.5000
Train Loss: 0.6941
Val Loss: 0.6997, Val Accuracy: 0.5000
Epoch 24/300, Train Loss: 0.6941, Val Loss: 0.6997, Val Accuracy: 0.5000
Train Loss: 0.6940
Val Loss: 0.6930, Val Accuracy: 0.5060
Epoch 25/300, Train Loss: 0.6940, Val Loss: 0.6930, Val Accuracy: 0.5060
Train Loss: 0.6941
Val Loss: 0.6931, Val Accuracy: 0.5030
Epoch 26/300, Train Loss: 0.6941, Val Loss: 0.6931, Val Accuracy: 0.5030
Train Loss: 0.6944
Val Loss: 0.8016, Val Accuracy: 0.5030
Epoch 27/300, Train Loss: 0.6944, Val Loss: 0.8016, Val Accuracy: 0.5030
Train Loss: 0.6938
Val Loss: 0.6952, Val Accuracy: 0.5030
Epoch 28/300, Train Loss: 0.6938, Val Loss: 0.6952, Val Accuracy: 0.5030
Train Loss: 0.6937
Val Loss: 0.6956, Val Accuracy: 0.5010
Epoch 29/300, Train Loss: 0.6937, Val Loss: 0.6956, Val Accuracy: 0.5010
Train Loss: 0.6935
Val Loss: 0.6957, Val Accuracy: 0.5000
Epoch 30/300, Train Loss: 0.6935, Val Loss: 0.6957, Val Accuracy: 0.5000
Train Loss: 0.6936
Val Loss: 0.6930, Val Accuracy: 0.5080
Epoch 31/300, Train Loss: 0.6936, Val Loss: 0.6930, Val Accuracy: 0.5080
Train Loss: 0.6933
Val Loss: 0.6950, Val Accuracy: 0.5000
Epoch 32/300, Train Loss: 0.6933, Val Loss: 0.6950, Val Accuracy: 0.5000
Train Loss: 0.6935
Val Loss: 0.6940, Val Accuracy: 0.5080
Epoch 33/300, Train Loss: 0.6935, Val Loss: 0.6940, Val Accuracy: 0.5080
Train Loss: 0.6936
Val Loss: 0.6936, Val Accuracy: 0.5015
Epoch 34/300, Train Loss: 0.6936, Val Loss: 0.6936, Val Accuracy: 0.5015
Train Loss: 0.6934
Val Loss: 0.6931, Val Accuracy: 0.5000
Epoch 35/300, Train Loss: 0.6934, Val Loss: 0.6931, Val Accuracy: 0.5000
Train Loss: 0.6936
Val Loss: 0.6939, Val Accuracy: 0.5015
Epoch 36/300, Train Loss: 0.6936, Val Loss: 0.6939, Val Accuracy: 0.5015
Train Loss: 0.6937
Val Loss: 0.6931, Val Accuracy: 0.5005
Epoch 37/300, Train Loss: 0.6937, Val Loss: 0.6931, Val Accuracy: 0.5005
Train Loss: 0.6934
Val Loss: 0.6931, Val Accuracy: 0.5045
Epoch 38/300, Train Loss: 0.6934, Val Loss: 0.6931, Val Accuracy: 0.5045
Train Loss: 0.6936
Val Loss: 0.6930, Val Accuracy: 0.5080
Epoch 39/300, Train Loss: 0.6936, Val Loss: 0.6930, Val Accuracy: 0.5080
Train Loss: 0.6936
Val Loss: 0.6929, Val Accuracy: 0.5110
Epoch 40/300, Train Loss: 0.6936, Val Loss: 0.6929, Val Accuracy: 0.5110
Train Loss: 0.6931
Val Loss: 0.6933, Val Accuracy: 0.5025
Epoch 41/300, Train Loss: 0.6931, Val Loss: 0.6933, Val Accuracy: 0.5025
Train Loss: 0.6935
Val Loss: 0.6932, Val Accuracy: 0.5015
Epoch 42/300, Train Loss: 0.6935, Val Loss: 0.6932, Val Accuracy: 0.5015
Train Loss: 0.6933
Val Loss: 0.7019, Val Accuracy: 0.5005
Epoch 43/300, Train Loss: 0.6933, Val Loss: 0.7019, Val Accuracy: 0.5005
Train Loss: 0.6932
Val Loss: 0.6949, Val Accuracy: 0.5070
Epoch 44/300, Train Loss: 0.6932, Val Loss: 0.6949, Val Accuracy: 0.5070
Train Loss: 0.6934
Val Loss: 0.6930, Val Accuracy: 0.5085
Epoch 45/300, Train Loss: 0.6934, Val Loss: 0.6930, Val Accuracy: 0.5085
Train Loss: 0.6933
Val Loss: 0.6929, Val Accuracy: 0.5115
Epoch 46/300, Train Loss: 0.6933, Val Loss: 0.6929, Val Accuracy: 0.5115
Train Loss: 0.6932
Val Loss: 0.6929, Val Accuracy: 0.5115
Epoch 47/300, Train Loss: 0.6932, Val Loss: 0.6929, Val Accuracy: 0.5115
Train Loss: 0.6932
Val Loss: 0.6946, Val Accuracy: 0.5100
Epoch 48/300, Train Loss: 0.6932, Val Loss: 0.6946, Val Accuracy: 0.5100
Train Loss: 0.6931
Val Loss: 0.6943, Val Accuracy: 0.5125
Epoch 49/300, Train Loss: 0.6931, Val Loss: 0.6943, Val Accuracy: 0.5125
Train Loss: 0.6932
Val Loss: 0.6929, Val Accuracy: 0.5180
Epoch 50/300, Train Loss: 0.6932, Val Loss: 0.6929, Val Accuracy: 0.5180
Train Loss: 0.6930
Val Loss: 0.7005, Val Accuracy: 0.5020
Epoch 51/300, Train Loss: 0.6930, Val Loss: 0.7005, Val Accuracy: 0.5020
Train Loss: 0.6933
Val Loss: 0.6929, Val Accuracy: 0.5145
Epoch 52/300, Train Loss: 0.6933, Val Loss: 0.6929, Val Accuracy: 0.5145
Train Loss: 0.6933
Val Loss: 0.6934, Val Accuracy: 0.5060
Epoch 53/300, Train Loss: 0.6933, Val Loss: 0.6934, Val Accuracy: 0.5060
Train Loss: 0.6932
Val Loss: 0.6935, Val Accuracy: 0.5110
Epoch 54/300, Train Loss: 0.6932, Val Loss: 0.6935, Val Accuracy: 0.5110
Train Loss: 0.6933
Val Loss: 0.6929, Val Accuracy: 0.5130
Epoch 55/300, Train Loss: 0.6933, Val Loss: 0.6929, Val Accuracy: 0.5130
Train Loss: 0.6935
Val Loss: 0.6930, Val Accuracy: 0.5110
Epoch 56/300, Train Loss: 0.6935, Val Loss: 0.6930, Val Accuracy: 0.5110
Train Loss: 0.6934
Val Loss: 0.6929, Val Accuracy: 0.5115
Epoch 57/300, Train Loss: 0.6934, Val Loss: 0.6929, Val Accuracy: 0.5115
Train Loss: 0.6932
Val Loss: 0.7070, Val Accuracy: 0.5115
Epoch 58/300, Train Loss: 0.6932, Val Loss: 0.7070, Val Accuracy: 0.5115
Train Loss: 0.6931
Val Loss: 0.6934, Val Accuracy: 0.5110
Epoch 59/300, Train Loss: 0.6931, Val Loss: 0.6934, Val Accuracy: 0.5110
Train Loss: 0.6931
Val Loss: 0.6936, Val Accuracy: 0.5160
Epoch 60/300, Train Loss: 0.6931, Val Loss: 0.6936, Val Accuracy: 0.5160
Train Loss: 0.6933
Val Loss: 0.6930, Val Accuracy: 0.5065
Epoch 61/300, Train Loss: 0.6933, Val Loss: 0.6930, Val Accuracy: 0.5065
Train Loss: 0.6932
Val Loss: 0.6937, Val Accuracy: 0.5015
Epoch 62/300, Train Loss: 0.6932, Val Loss: 0.6937, Val Accuracy: 0.5015
Train Loss: 0.6934
Val Loss: 0.6933, Val Accuracy: 0.5080
Epoch 63/300, Train Loss: 0.6934, Val Loss: 0.6933, Val Accuracy: 0.5080
Train Loss: 0.6932
Val Loss: 0.6931, Val Accuracy: 0.5105
Epoch 64/300, Train Loss: 0.6932, Val Loss: 0.6931, Val Accuracy: 0.5105
Train Loss: 0.6932
Val Loss: 0.6929, Val Accuracy: 0.5130
Epoch 65/300, Train Loss: 0.6932, Val Loss: 0.6929, Val Accuracy: 0.5130
Train Loss: 0.6931
Val Loss: 0.6932, Val Accuracy: 0.5110
Epoch 66/300, Train Loss: 0.6931, Val Loss: 0.6932, Val Accuracy: 0.5110
Train Loss: 0.6932
Val Loss: 0.6929, Val Accuracy: 0.5120
Epoch 67/300, Train Loss: 0.6932, Val Loss: 0.6929, Val Accuracy: 0.5120
Train Loss: 0.6932
Val Loss: 0.6933, Val Accuracy: 0.5135
Epoch 68/300, Train Loss: 0.6932, Val Loss: 0.6933, Val Accuracy: 0.5135
Train Loss: 0.6931
Val Loss: 0.6932, Val Accuracy: 0.5020
Epoch 69/300, Train Loss: 0.6931, Val Loss: 0.6932, Val Accuracy: 0.5020
Train Loss: 0.6934
Val Loss: 0.6937, Val Accuracy: 0.4955
Epoch 70/300, Train Loss: 0.6934, Val Loss: 0.6937, Val Accuracy: 0.4955
Train Loss: 0.6935
Val Loss: 0.6933, Val Accuracy: 0.5005
Epoch 71/300, Train Loss: 0.6935, Val Loss: 0.6933, Val Accuracy: 0.5005
Train Loss: 0.6934
Val Loss: 0.6973, Val Accuracy: 0.5025
Epoch 72/300, Train Loss: 0.6934, Val Loss: 0.6973, Val Accuracy: 0.5025
Train Loss: 0.6935
Val Loss: 0.6933, Val Accuracy: 0.4990
Epoch 73/300, Train Loss: 0.6935, Val Loss: 0.6933, Val Accuracy: 0.4990
Train Loss: 0.6934
Val Loss: 0.6933, Val Accuracy: 0.4990
Epoch 74/300, Train Loss: 0.6934, Val Loss: 0.6933, Val Accuracy: 0.4990
Train Loss: 0.6934
Val Loss: 0.6931, Val Accuracy: 0.5065
Epoch 75/300, Train Loss: 0.6934, Val Loss: 0.6931, Val Accuracy: 0.5065
Train Loss: 0.6933
Val Loss: 0.6930, Val Accuracy: 0.5095
Epoch 76/300, Train Loss: 0.6933, Val Loss: 0.6930, Val Accuracy: 0.5095
Train Loss: 0.6932
Val Loss: 0.6931, Val Accuracy: 0.5125
Epoch 77/300, Train Loss: 0.6932, Val Loss: 0.6931, Val Accuracy: 0.5125
Train Loss: 0.6933
Val Loss: 0.6930, Val Accuracy: 0.5095
Epoch 78/300, Train Loss: 0.6933, Val Loss: 0.6930, Val Accuracy: 0.5095
Train Loss: 0.6932
Val Loss: 0.6929, Val Accuracy: 0.5135
Epoch 79/300, Train Loss: 0.6932, Val Loss: 0.6929, Val Accuracy: 0.5135
Train Loss: 0.6933
Val Loss: 0.6929, Val Accuracy: 0.5135
Epoch 80/300, Train Loss: 0.6933, Val Loss: 0.6929, Val Accuracy: 0.5135
Train Loss: 0.6932
Val Loss: 0.6929, Val Accuracy: 0.5140
Epoch 81/300, Train Loss: 0.6932, Val Loss: 0.6929, Val Accuracy: 0.5140
Train Loss: 0.6932
Val Loss: 0.6929, Val Accuracy: 0.5070
Epoch 82/300, Train Loss: 0.6932, Val Loss: 0.6929, Val Accuracy: 0.5070
Train Loss: 0.6931
Val Loss: 0.6929, Val Accuracy: 0.5115
Epoch 83/300, Train Loss: 0.6931, Val Loss: 0.6929, Val Accuracy: 0.5115
Train Loss: 0.6930
Val Loss: 0.6929, Val Accuracy: 0.5080
Epoch 84/300, Train Loss: 0.6930, Val Loss: 0.6929, Val Accuracy: 0.5080
Train Loss: 0.6931
Val Loss: 0.6929, Val Accuracy: 0.5105
Epoch 85/300, Train Loss: 0.6931, Val Loss: 0.6929, Val Accuracy: 0.5105
Train Loss: 0.6931
Val Loss: 0.6929, Val Accuracy: 0.5100
Epoch 86/300, Train Loss: 0.6931, Val Loss: 0.6929, Val Accuracy: 0.5100
Train Loss: 0.6932
Val Loss: 0.6929, Val Accuracy: 0.5085
Epoch 87/300, Train Loss: 0.6932, Val Loss: 0.6929, Val Accuracy: 0.5085
Train Loss: 0.6932
Val Loss: 0.6930, Val Accuracy: 0.5095
Epoch 88/300, Train Loss: 0.6932, Val Loss: 0.6930, Val Accuracy: 0.5095
Train Loss: 0.6930
Val Loss: 0.6929, Val Accuracy: 0.5135
Epoch 89/300, Train Loss: 0.6930, Val Loss: 0.6929, Val Accuracy: 0.5135
Train Loss: 0.6933
Val Loss: 0.6933, Val Accuracy: 0.5065
Epoch 90/300, Train Loss: 0.6933, Val Loss: 0.6933, Val Accuracy: 0.5065
Train Loss: 0.6932
Val Loss: 0.6930, Val Accuracy: 0.5100
Epoch 91/300, Train Loss: 0.6932, Val Loss: 0.6930, Val Accuracy: 0.5100
Train Loss: 0.6931
Val Loss: 0.6930, Val Accuracy: 0.5080
Epoch 92/300, Train Loss: 0.6931, Val Loss: 0.6930, Val Accuracy: 0.5080
Train Loss: 0.6934
Val Loss: 0.6930, Val Accuracy: 0.5075
Epoch 93/300, Train Loss: 0.6934, Val Loss: 0.6930, Val Accuracy: 0.5075
Train Loss: 0.6931
Val Loss: 0.6929, Val Accuracy: 0.5130
Epoch 94/300, Train Loss: 0.6931, Val Loss: 0.6929, Val Accuracy: 0.5130
Train Loss: 0.6932
Val Loss: 0.6939, Val Accuracy: 0.5055
Epoch 95/300, Train Loss: 0.6932, Val Loss: 0.6939, Val Accuracy: 0.5055
Train Loss: 0.6934
Val Loss: 0.6930, Val Accuracy: 0.5095
Epoch 96/300, Train Loss: 0.6934, Val Loss: 0.6930, Val Accuracy: 0.5095
Train Loss: 0.6931
Val Loss: 0.6932, Val Accuracy: 0.5055
Epoch 97/300, Train Loss: 0.6931, Val Loss: 0.6932, Val Accuracy: 0.5055
Train Loss: 0.6933
Val Loss: 0.6929, Val Accuracy: 0.5045
Epoch 98/300, Train Loss: 0.6933, Val Loss: 0.6929, Val Accuracy: 0.5045
Train Loss: 0.6932
Val Loss: 0.6929, Val Accuracy: 0.5085
Epoch 99/300, Train Loss: 0.6932, Val Loss: 0.6929, Val Accuracy: 0.5085
Train Loss: 0.6930
Val Loss: 0.7067, Val Accuracy: 0.5080
Epoch 100/300, Train Loss: 0.6930, Val Loss: 0.7067, Val Accuracy: 0.5080
Train Loss: 0.6933
Val Loss: 0.6932, Val Accuracy: 0.5055
Epoch 101/300, Train Loss: 0.6933, Val Loss: 0.6932, Val Accuracy: 0.5055
Train Loss: 0.6931
Val Loss: 0.6928, Val Accuracy: 0.5100
Epoch 102/300, Train Loss: 0.6931, Val Loss: 0.6928, Val Accuracy: 0.5100
Train Loss: 0.6930
Val Loss: 0.6943, Val Accuracy: 0.5115
Epoch 103/300, Train Loss: 0.6930, Val Loss: 0.6943, Val Accuracy: 0.5115
Train Loss: 0.6931
Val Loss: 0.6929, Val Accuracy: 0.5135
Epoch 104/300, Train Loss: 0.6931, Val Loss: 0.6929, Val Accuracy: 0.5135
Train Loss: 0.6929
Val Loss: 0.6940, Val Accuracy: 0.5110
Epoch 105/300, Train Loss: 0.6929, Val Loss: 0.6940, Val Accuracy: 0.5110
Train Loss: 0.6930
Val Loss: 0.6929, Val Accuracy: 0.5090
Epoch 106/300, Train Loss: 0.6930, Val Loss: 0.6929, Val Accuracy: 0.5090
Train Loss: 0.6930
Val Loss: 0.6928, Val Accuracy: 0.5120
Epoch 107/300, Train Loss: 0.6930, Val Loss: 0.6928, Val Accuracy: 0.5120
Train Loss: 0.6931
Val Loss: 0.6928, Val Accuracy: 0.5095
Epoch 108/300, Train Loss: 0.6931, Val Loss: 0.6928, Val Accuracy: 0.5095
Train Loss: 0.6930
Val Loss: 0.6928, Val Accuracy: 0.5115
Epoch 109/300, Train Loss: 0.6930, Val Loss: 0.6928, Val Accuracy: 0.5115
Train Loss: 0.6930
Val Loss: 0.6928, Val Accuracy: 0.5115
Epoch 110/300, Train Loss: 0.6930, Val Loss: 0.6928, Val Accuracy: 0.5115
Train Loss: 0.6933
Val Loss: 0.6928, Val Accuracy: 0.5095
Epoch 111/300, Train Loss: 0.6933, Val Loss: 0.6928, Val Accuracy: 0.5095
Train Loss: 0.6930
Val Loss: 0.6928, Val Accuracy: 0.5110
Epoch 112/300, Train Loss: 0.6930, Val Loss: 0.6928, Val Accuracy: 0.5110
Train Loss: 0.6931
Val Loss: 0.6928, Val Accuracy: 0.5105
Epoch 113/300, Train Loss: 0.6931, Val Loss: 0.6928, Val Accuracy: 0.5105
Train Loss: 0.6930
Val Loss: 0.6929, Val Accuracy: 0.5080
Epoch 114/300, Train Loss: 0.6930, Val Loss: 0.6929, Val Accuracy: 0.5080
Train Loss: 0.6931
Val Loss: 0.6929, Val Accuracy: 0.5060
Epoch 115/300, Train Loss: 0.6931, Val Loss: 0.6929, Val Accuracy: 0.5060
Train Loss: 0.6930
Val Loss: 0.6928, Val Accuracy: 0.5125
Epoch 116/300, Train Loss: 0.6930, Val Loss: 0.6928, Val Accuracy: 0.5125
Train Loss: 0.6930
Val Loss: 0.6928, Val Accuracy: 0.5070
Epoch 117/300, Train Loss: 0.6930, Val Loss: 0.6928, Val Accuracy: 0.5070
Train Loss: 0.6929
Val Loss: 0.6929, Val Accuracy: 0.5090
Epoch 118/300, Train Loss: 0.6929, Val Loss: 0.6929, Val Accuracy: 0.5090
Train Loss: 0.6929
Val Loss: 0.6928, Val Accuracy: 0.5135
Epoch 119/300, Train Loss: 0.6929, Val Loss: 0.6928, Val Accuracy: 0.5135
Train Loss: 0.6930
Val Loss: 0.6930, Val Accuracy: 0.5115
Epoch 120/300, Train Loss: 0.6930, Val Loss: 0.6930, Val Accuracy: 0.5115
Train Loss: 0.6930
Val Loss: 0.6936, Val Accuracy: 0.5140
Epoch 121/300, Train Loss: 0.6930, Val Loss: 0.6936, Val Accuracy: 0.5140
Train Loss: 0.6934
Val Loss: 0.6935, Val Accuracy: 0.5100
Epoch 122/300, Train Loss: 0.6934, Val Loss: 0.6935, Val Accuracy: 0.5100
Train Loss: 0.6933
Val Loss: 0.6933, Val Accuracy: 0.5085
Epoch 123/300, Train Loss: 0.6933, Val Loss: 0.6933, Val Accuracy: 0.5085
Train Loss: 0.6930
Val Loss: 0.6931, Val Accuracy: 0.5095
Epoch 124/300, Train Loss: 0.6930, Val Loss: 0.6931, Val Accuracy: 0.5095
Train Loss: 0.6930
Val Loss: 0.6927, Val Accuracy: 0.5130
Epoch 125/300, Train Loss: 0.6930, Val Loss: 0.6927, Val Accuracy: 0.5130
Train Loss: 0.6929
Val Loss: 0.6933, Val Accuracy: 0.5080
Epoch 126/300, Train Loss: 0.6929, Val Loss: 0.6933, Val Accuracy: 0.5080
Train Loss: 0.6930
Val Loss: 0.6932, Val Accuracy: 0.5170
Epoch 127/300, Train Loss: 0.6930, Val Loss: 0.6932, Val Accuracy: 0.5170
Train Loss: 0.6929
Val Loss: 0.6927, Val Accuracy: 0.5125
Epoch 128/300, Train Loss: 0.6929, Val Loss: 0.6927, Val Accuracy: 0.5125
Train Loss: 0.6928
Val Loss: 0.6941, Val Accuracy: 0.5080
Epoch 129/300, Train Loss: 0.6928, Val Loss: 0.6941, Val Accuracy: 0.5080
Train Loss: 0.6930
Val Loss: 0.6928, Val Accuracy: 0.5125
Epoch 130/300, Train Loss: 0.6930, Val Loss: 0.6928, Val Accuracy: 0.5125
Train Loss: 0.6930
Val Loss: 0.6934, Val Accuracy: 0.5085
Epoch 131/300, Train Loss: 0.6930, Val Loss: 0.6934, Val Accuracy: 0.5085
Train Loss: 0.6930
Val Loss: 0.6929, Val Accuracy: 0.5185
Epoch 132/300, Train Loss: 0.6930, Val Loss: 0.6929, Val Accuracy: 0.5185
Train Loss: 0.6930
Val Loss: 0.6928, Val Accuracy: 0.5205
Epoch 133/300, Train Loss: 0.6930, Val Loss: 0.6928, Val Accuracy: 0.5205
Train Loss: 0.6931
Val Loss: 0.6931, Val Accuracy: 0.5145
Epoch 134/300, Train Loss: 0.6931, Val Loss: 0.6931, Val Accuracy: 0.5145
Train Loss: 0.6929
Val Loss: 0.6934, Val Accuracy: 0.5105
Epoch 135/300, Train Loss: 0.6929, Val Loss: 0.6934, Val Accuracy: 0.5105
Train Loss: 0.6932
Val Loss: 0.6960, Val Accuracy: 0.5110
Epoch 136/300, Train Loss: 0.6932, Val Loss: 0.6960, Val Accuracy: 0.5110
Train Loss: 0.6932
Val Loss: 0.6932, Val Accuracy: 0.5165
Epoch 137/300, Train Loss: 0.6932, Val Loss: 0.6932, Val Accuracy: 0.5165
Train Loss: 0.6931
Val Loss: 0.6927, Val Accuracy: 0.5185
Epoch 138/300, Train Loss: 0.6931, Val Loss: 0.6927, Val Accuracy: 0.5185
Train Loss: 0.6932
Val Loss: 0.6933, Val Accuracy: 0.5120
Epoch 139/300, Train Loss: 0.6932, Val Loss: 0.6933, Val Accuracy: 0.5120
Train Loss: 0.6930
Val Loss: 0.6927, Val Accuracy: 0.5120
Epoch 140/300, Train Loss: 0.6930, Val Loss: 0.6927, Val Accuracy: 0.5120
Train Loss: 0.6927
Val Loss: 0.6935, Val Accuracy: 0.5140
Epoch 141/300, Train Loss: 0.6927, Val Loss: 0.6935, Val Accuracy: 0.5140
Train Loss: 0.6931
Val Loss: 0.6929, Val Accuracy: 0.5140
Epoch 142/300, Train Loss: 0.6931, Val Loss: 0.6929, Val Accuracy: 0.5140
Train Loss: 0.6928
Val Loss: 0.6927, Val Accuracy: 0.5115
Epoch 143/300, Train Loss: 0.6928, Val Loss: 0.6927, Val Accuracy: 0.5115
Train Loss: 0.6928
Val Loss: 0.6927, Val Accuracy: 0.5140
Epoch 144/300, Train Loss: 0.6928, Val Loss: 0.6927, Val Accuracy: 0.5140
Train Loss: 0.6933
Val Loss: 0.6929, Val Accuracy: 0.5070
Epoch 145/300, Train Loss: 0.6933, Val Loss: 0.6929, Val Accuracy: 0.5070
Train Loss: 0.6930
Val Loss: 0.6929, Val Accuracy: 0.5095
Epoch 146/300, Train Loss: 0.6930, Val Loss: 0.6929, Val Accuracy: 0.5095
Train Loss: 0.6929
Val Loss: 0.6929, Val Accuracy: 0.5150
Epoch 147/300, Train Loss: 0.6929, Val Loss: 0.6929, Val Accuracy: 0.5150
Train Loss: 0.6929
Val Loss: 0.6942, Val Accuracy: 0.5090
Epoch 148/300, Train Loss: 0.6929, Val Loss: 0.6942, Val Accuracy: 0.5090
Train Loss: 0.6929
Val Loss: 0.6928, Val Accuracy: 0.5160
Epoch 149/300, Train Loss: 0.6929, Val Loss: 0.6928, Val Accuracy: 0.5160
Train Loss: 0.6930
Val Loss: 0.6927, Val Accuracy: 0.5115
Epoch 150/300, Train Loss: 0.6930, Val Loss: 0.6927, Val Accuracy: 0.5115
Train Loss: 0.6930
Val Loss: 0.6927, Val Accuracy: 0.5125
Epoch 151/300, Train Loss: 0.6930, Val Loss: 0.6927, Val Accuracy: 0.5125
Train Loss: 0.6929
Val Loss: 0.6927, Val Accuracy: 0.5115
Epoch 152/300, Train Loss: 0.6929, Val Loss: 0.6927, Val Accuracy: 0.5115
Train Loss: 0.6930
Val Loss: 0.6926, Val Accuracy: 0.5140
Epoch 153/300, Train Loss: 0.6930, Val Loss: 0.6926, Val Accuracy: 0.5140
Train Loss: 0.6930
Val Loss: 0.6927, Val Accuracy: 0.5120
Epoch 154/300, Train Loss: 0.6930, Val Loss: 0.6927, Val Accuracy: 0.5120
Train Loss: 0.6929
Val Loss: 0.6926, Val Accuracy: 0.5145
Epoch 155/300, Train Loss: 0.6929, Val Loss: 0.6926, Val Accuracy: 0.5145
Train Loss: 0.6931
Val Loss: 0.6927, Val Accuracy: 0.5165
Epoch 156/300, Train Loss: 0.6931, Val Loss: 0.6927, Val Accuracy: 0.5165
Train Loss: 0.6928
Val Loss: 0.6928, Val Accuracy: 0.5135
Epoch 157/300, Train Loss: 0.6928, Val Loss: 0.6928, Val Accuracy: 0.5135
Train Loss: 0.6941
Val Loss: 0.6933, Val Accuracy: 0.5150
Epoch 158/300, Train Loss: 0.6941, Val Loss: 0.6933, Val Accuracy: 0.5150
Train Loss: 0.6930
Val Loss: 0.6934, Val Accuracy: 0.5205
Epoch 159/300, Train Loss: 0.6930, Val Loss: 0.6934, Val Accuracy: 0.5205
Train Loss: 0.6930
Val Loss: 0.6926, Val Accuracy: 0.5170
Epoch 160/300, Train Loss: 0.6930, Val Loss: 0.6926, Val Accuracy: 0.5170
Train Loss: 0.6929
Val Loss: 0.6927, Val Accuracy: 0.5130
Epoch 161/300, Train Loss: 0.6929, Val Loss: 0.6927, Val Accuracy: 0.5130
Train Loss: 0.6929
Val Loss: 0.6928, Val Accuracy: 0.5155
Epoch 162/300, Train Loss: 0.6929, Val Loss: 0.6928, Val Accuracy: 0.5155
Train Loss: 0.6929
Val Loss: 0.6925, Val Accuracy: 0.5110
Epoch 163/300, Train Loss: 0.6929, Val Loss: 0.6925, Val Accuracy: 0.5110
Train Loss: 0.6929
Val Loss: 0.6930, Val Accuracy: 0.5165
Epoch 164/300, Train Loss: 0.6929, Val Loss: 0.6930, Val Accuracy: 0.5165
Train Loss: 0.6926
Val Loss: 0.6934, Val Accuracy: 0.5175
Epoch 165/300, Train Loss: 0.6926, Val Loss: 0.6934, Val Accuracy: 0.5175
Train Loss: 0.6928
Val Loss: 0.6930, Val Accuracy: 0.5175
Epoch 166/300, Train Loss: 0.6928, Val Loss: 0.6930, Val Accuracy: 0.5175
Train Loss: 0.6930
Val Loss: 0.6926, Val Accuracy: 0.5135
Epoch 167/300, Train Loss: 0.6930, Val Loss: 0.6926, Val Accuracy: 0.5135
Train Loss: 0.6927
Val Loss: 0.6930, Val Accuracy: 0.5115
Epoch 168/300, Train Loss: 0.6927, Val Loss: 0.6930, Val Accuracy: 0.5115
Train Loss: 0.6931
Val Loss: 0.6929, Val Accuracy: 0.5155
Epoch 169/300, Train Loss: 0.6931, Val Loss: 0.6929, Val Accuracy: 0.5155
Train Loss: 0.6927
Val Loss: 0.6927, Val Accuracy: 0.5100
Epoch 170/300, Train Loss: 0.6927, Val Loss: 0.6927, Val Accuracy: 0.5100
Train Loss: 0.6928
Val Loss: 0.6955, Val Accuracy: 0.5080
Epoch 171/300, Train Loss: 0.6928, Val Loss: 0.6955, Val Accuracy: 0.5080
Train Loss: 0.6926
Val Loss: 0.6929, Val Accuracy: 0.5170
Epoch 172/300, Train Loss: 0.6926, Val Loss: 0.6929, Val Accuracy: 0.5170
Train Loss: 0.6929
Val Loss: 0.6929, Val Accuracy: 0.5180
Epoch 173/300, Train Loss: 0.6929, Val Loss: 0.6929, Val Accuracy: 0.5180
Train Loss: 0.6927
Val Loss: 0.6945, Val Accuracy: 0.5150
Epoch 174/300, Train Loss: 0.6927, Val Loss: 0.6945, Val Accuracy: 0.5150
Train Loss: 0.6928
Val Loss: 0.6923, Val Accuracy: 0.5110
Epoch 175/300, Train Loss: 0.6928, Val Loss: 0.6923, Val Accuracy: 0.5110
Train Loss: 0.6931
Val Loss: 0.6933, Val Accuracy: 0.5090
Epoch 176/300, Train Loss: 0.6931, Val Loss: 0.6933, Val Accuracy: 0.5090
Train Loss: 0.6931
Val Loss: 0.7015, Val Accuracy: 0.5100
Epoch 177/300, Train Loss: 0.6931, Val Loss: 0.7015, Val Accuracy: 0.5100
Train Loss: 0.6933
Val Loss: 0.6938, Val Accuracy: 0.5060
Epoch 178/300, Train Loss: 0.6933, Val Loss: 0.6938, Val Accuracy: 0.5060
Train Loss: 0.6931
Val Loss: 0.6942, Val Accuracy: 0.5115
Epoch 179/300, Train Loss: 0.6931, Val Loss: 0.6942, Val Accuracy: 0.5115
Train Loss: 0.6931
Val Loss: 0.6930, Val Accuracy: 0.5130
Epoch 180/300, Train Loss: 0.6931, Val Loss: 0.6930, Val Accuracy: 0.5130
Train Loss: 0.6931
Val Loss: 0.6928, Val Accuracy: 0.5140
Epoch 181/300, Train Loss: 0.6931, Val Loss: 0.6928, Val Accuracy: 0.5140
Train Loss: 0.6931
Val Loss: 0.6934, Val Accuracy: 0.5090
Epoch 182/300, Train Loss: 0.6931, Val Loss: 0.6934, Val Accuracy: 0.5090
Train Loss: 0.6930
Val Loss: 0.6932, Val Accuracy: 0.5080
Epoch 183/300, Train Loss: 0.6930, Val Loss: 0.6932, Val Accuracy: 0.5080
Train Loss: 0.6929
Val Loss: 0.6942, Val Accuracy: 0.5135
Epoch 184/300, Train Loss: 0.6929, Val Loss: 0.6942, Val Accuracy: 0.5135
Train Loss: 0.6929
Val Loss: 0.6928, Val Accuracy: 0.5130
Epoch 185/300, Train Loss: 0.6929, Val Loss: 0.6928, Val Accuracy: 0.5130
Train Loss: 0.6929
Val Loss: 0.6930, Val Accuracy: 0.5125
Epoch 186/300, Train Loss: 0.6929, Val Loss: 0.6930, Val Accuracy: 0.5125
Train Loss: 0.6930
Val Loss: 0.6933, Val Accuracy: 0.5135
Epoch 187/300, Train Loss: 0.6930, Val Loss: 0.6933, Val Accuracy: 0.5135
Train Loss: 0.6930
Val Loss: 0.6945, Val Accuracy: 0.5115
Epoch 188/300, Train Loss: 0.6930, Val Loss: 0.6945, Val Accuracy: 0.5115
Train Loss: 0.6929
Val Loss: 0.6927, Val Accuracy: 0.5155
Epoch 189/300, Train Loss: 0.6929, Val Loss: 0.6927, Val Accuracy: 0.5155
Train Loss: 0.6930
Val Loss: 0.6930, Val Accuracy: 0.5105
Epoch 190/300, Train Loss: 0.6930, Val Loss: 0.6930, Val Accuracy: 0.5105
Train Loss: 0.6930
Val Loss: 0.6931, Val Accuracy: 0.5140
Epoch 191/300, Train Loss: 0.6930, Val Loss: 0.6931, Val Accuracy: 0.5140
Train Loss: 0.6930
Val Loss: 0.6958, Val Accuracy: 0.5140
Epoch 192/300, Train Loss: 0.6930, Val Loss: 0.6958, Val Accuracy: 0.5140
Train Loss: 0.6928
Val Loss: 0.6927, Val Accuracy: 0.5140
Epoch 193/300, Train Loss: 0.6928, Val Loss: 0.6927, Val Accuracy: 0.5140
Train Loss: 0.6929
Val Loss: 0.6926, Val Accuracy: 0.5130
Epoch 194/300, Train Loss: 0.6929, Val Loss: 0.6926, Val Accuracy: 0.5130
Train Loss: 0.6928
Val Loss: 0.6929, Val Accuracy: 0.5130
Epoch 195/300, Train Loss: 0.6928, Val Loss: 0.6929, Val Accuracy: 0.5130
Train Loss: 0.6928
Val Loss: 0.6928, Val Accuracy: 0.5200
Epoch 196/300, Train Loss: 0.6928, Val Loss: 0.6928, Val Accuracy: 0.5200
Train Loss: 0.6928
Val Loss: 0.6925, Val Accuracy: 0.5150
Epoch 197/300, Train Loss: 0.6928, Val Loss: 0.6925, Val Accuracy: 0.5150
Train Loss: 0.6930
Val Loss: 0.6929, Val Accuracy: 0.5135
Epoch 198/300, Train Loss: 0.6930, Val Loss: 0.6929, Val Accuracy: 0.5135
Train Loss: 0.6930
Val Loss: 0.6925, Val Accuracy: 0.5110
Epoch 199/300, Train Loss: 0.6930, Val Loss: 0.6925, Val Accuracy: 0.5110
Train Loss: 0.6928
Val Loss: 0.6925, Val Accuracy: 0.5115
Epoch 200/300, Train Loss: 0.6928, Val Loss: 0.6925, Val Accuracy: 0.5115
Train Loss: 0.6931
Val Loss: 0.6927, Val Accuracy: 0.5125
Epoch 201/300, Train Loss: 0.6931, Val Loss: 0.6927, Val Accuracy: 0.5125
Train Loss: 0.6931
Val Loss: 0.6927, Val Accuracy: 0.5080
Epoch 202/300, Train Loss: 0.6931, Val Loss: 0.6927, Val Accuracy: 0.5080
Train Loss: 0.6928
Val Loss: 0.6931, Val Accuracy: 0.5100
Epoch 203/300, Train Loss: 0.6928, Val Loss: 0.6931, Val Accuracy: 0.5100
Train Loss: 0.6928
Val Loss: 0.6927, Val Accuracy: 0.5145
Epoch 204/300, Train Loss: 0.6928, Val Loss: 0.6927, Val Accuracy: 0.5145
Train Loss: 0.6928
Val Loss: 0.6968, Val Accuracy: 0.5175
Epoch 205/300, Train Loss: 0.6928, Val Loss: 0.6968, Val Accuracy: 0.5175
Train Loss: 0.6930
Val Loss: 0.6963, Val Accuracy: 0.5090
Epoch 206/300, Train Loss: 0.6930, Val Loss: 0.6963, Val Accuracy: 0.5090
Train Loss: 0.6929
Val Loss: 0.6928, Val Accuracy: 0.5130
Epoch 207/300, Train Loss: 0.6929, Val Loss: 0.6928, Val Accuracy: 0.5130
Train Loss: 0.6930
Val Loss: 0.6927, Val Accuracy: 0.5100
Epoch 208/300, Train Loss: 0.6930, Val Loss: 0.6927, Val Accuracy: 0.5100
Train Loss: 0.6931
Val Loss: 0.6926, Val Accuracy: 0.5120
Epoch 209/300, Train Loss: 0.6931, Val Loss: 0.6926, Val Accuracy: 0.5120
Train Loss: 0.6926
Val Loss: 0.6934, Val Accuracy: 0.5130
Epoch 210/300, Train Loss: 0.6926, Val Loss: 0.6934, Val Accuracy: 0.5130
Train Loss: 0.6930
Val Loss: 0.6944, Val Accuracy: 0.5115
Epoch 211/300, Train Loss: 0.6930, Val Loss: 0.6944, Val Accuracy: 0.5115
Train Loss: 0.6927
Val Loss: 0.6924, Val Accuracy: 0.5135
Epoch 212/300, Train Loss: 0.6927, Val Loss: 0.6924, Val Accuracy: 0.5135
Train Loss: 0.6931
Val Loss: 0.6928, Val Accuracy: 0.5160
Epoch 213/300, Train Loss: 0.6931, Val Loss: 0.6928, Val Accuracy: 0.5160
Train Loss: 0.6927
Val Loss: 0.6925, Val Accuracy: 0.5150
Epoch 214/300, Train Loss: 0.6927, Val Loss: 0.6925, Val Accuracy: 0.5150
Train Loss: 0.6927
Val Loss: 0.6926, Val Accuracy: 0.5140
Epoch 215/300, Train Loss: 0.6927, Val Loss: 0.6926, Val Accuracy: 0.5140
Train Loss: 0.6929
Val Loss: 0.6925, Val Accuracy: 0.5155
Epoch 216/300, Train Loss: 0.6929, Val Loss: 0.6925, Val Accuracy: 0.5155
Train Loss: 0.6924
Val Loss: 0.6926, Val Accuracy: 0.5125
Epoch 217/300, Train Loss: 0.6924, Val Loss: 0.6926, Val Accuracy: 0.5125
Train Loss: 0.6926
Val Loss: 0.6923, Val Accuracy: 0.5185
Epoch 218/300, Train Loss: 0.6926, Val Loss: 0.6923, Val Accuracy: 0.5185
Train Loss: 0.6925
Val Loss: 0.6922, Val Accuracy: 0.5140
Epoch 219/300, Train Loss: 0.6925, Val Loss: 0.6922, Val Accuracy: 0.5140
Train Loss: 0.6927
Val Loss: 0.6921, Val Accuracy: 0.5190
Epoch 220/300, Train Loss: 0.6927, Val Loss: 0.6921, Val Accuracy: 0.5190
Train Loss: 0.6925
Val Loss: 0.6920, Val Accuracy: 0.5150
Epoch 221/300, Train Loss: 0.6925, Val Loss: 0.6920, Val Accuracy: 0.5150
Train Loss: 0.6923
Val Loss: 0.6918, Val Accuracy: 0.5155
Epoch 222/300, Train Loss: 0.6923, Val Loss: 0.6918, Val Accuracy: 0.5155
Train Loss: 0.6925
Val Loss: 0.6923, Val Accuracy: 0.5165
Epoch 223/300, Train Loss: 0.6925, Val Loss: 0.6923, Val Accuracy: 0.5165
Train Loss: 0.6925
Val Loss: 0.6949, Val Accuracy: 0.5140
Epoch 224/300, Train Loss: 0.6925, Val Loss: 0.6949, Val Accuracy: 0.5140
Train Loss: 0.6925
Val Loss: 0.6919, Val Accuracy: 0.5210
Epoch 225/300, Train Loss: 0.6925, Val Loss: 0.6919, Val Accuracy: 0.5210
Train Loss: 0.6919
Val Loss: 0.6914, Val Accuracy: 0.5190
Epoch 226/300, Train Loss: 0.6919, Val Loss: 0.6914, Val Accuracy: 0.5190
Train Loss: 0.6920
Val Loss: 0.6918, Val Accuracy: 0.5185
Epoch 227/300, Train Loss: 0.6920, Val Loss: 0.6918, Val Accuracy: 0.5185
Train Loss: 0.6922
Val Loss: 0.6914, Val Accuracy: 0.5250
Epoch 228/300, Train Loss: 0.6922, Val Loss: 0.6914, Val Accuracy: 0.5250
Train Loss: 0.6917
Val Loss: 0.6916, Val Accuracy: 0.5180
Epoch 229/300, Train Loss: 0.6917, Val Loss: 0.6916, Val Accuracy: 0.5180
Train Loss: 0.6915
Val Loss: 0.6906, Val Accuracy: 0.5205
Epoch 230/300, Train Loss: 0.6915, Val Loss: 0.6906, Val Accuracy: 0.5205
Train Loss: 0.6917
Val Loss: 0.6910, Val Accuracy: 0.5135
Epoch 231/300, Train Loss: 0.6917, Val Loss: 0.6910, Val Accuracy: 0.5135
Train Loss: 0.6918
Val Loss: 0.6907, Val Accuracy: 0.5205
Epoch 232/300, Train Loss: 0.6918, Val Loss: 0.6907, Val Accuracy: 0.5205
Train Loss: 0.6908
Val Loss: 0.6911, Val Accuracy: 0.5180
Epoch 233/300, Train Loss: 0.6908, Val Loss: 0.6911, Val Accuracy: 0.5180
Train Loss: 0.6916
Val Loss: 0.6913, Val Accuracy: 0.5195
Epoch 234/300, Train Loss: 0.6916, Val Loss: 0.6913, Val Accuracy: 0.5195
Train Loss: 0.6911
Val Loss: 0.6907, Val Accuracy: 0.5265
Epoch 235/300, Train Loss: 0.6911, Val Loss: 0.6907, Val Accuracy: 0.5265
Train Loss: 0.6910
Val Loss: 0.6923, Val Accuracy: 0.5150
Epoch 236/300, Train Loss: 0.6910, Val Loss: 0.6923, Val Accuracy: 0.5150
Train Loss: 0.6910
Val Loss: 0.6906, Val Accuracy: 0.5200
Epoch 237/300, Train Loss: 0.6910, Val Loss: 0.6906, Val Accuracy: 0.5200
Train Loss: 0.6908
Val Loss: 0.6915, Val Accuracy: 0.5165
Epoch 238/300, Train Loss: 0.6908, Val Loss: 0.6915, Val Accuracy: 0.5165
Train Loss: 0.6898
Val Loss: 0.6913, Val Accuracy: 0.5235
Epoch 239/300, Train Loss: 0.6898, Val Loss: 0.6913, Val Accuracy: 0.5235
Train Loss: 0.6905
Val Loss: 0.6930, Val Accuracy: 0.5260
Epoch 240/300, Train Loss: 0.6905, Val Loss: 0.6930, Val Accuracy: 0.5260
Train Loss: 0.6910
Val Loss: 0.6902, Val Accuracy: 0.5200
Epoch 241/300, Train Loss: 0.6910, Val Loss: 0.6902, Val Accuracy: 0.5200
Train Loss: 0.6903
Val Loss: 0.6876, Val Accuracy: 0.5150
Epoch 242/300, Train Loss: 0.6903, Val Loss: 0.6876, Val Accuracy: 0.5150
Train Loss: 0.6899
Val Loss: 0.6896, Val Accuracy: 0.5215
Epoch 243/300, Train Loss: 0.6899, Val Loss: 0.6896, Val Accuracy: 0.5215
Train Loss: 0.6898
Val Loss: 0.6909, Val Accuracy: 0.5100
Epoch 244/300, Train Loss: 0.6898, Val Loss: 0.6909, Val Accuracy: 0.5100
Train Loss: 0.6905
Val Loss: 0.6899, Val Accuracy: 0.5245
Epoch 245/300, Train Loss: 0.6905, Val Loss: 0.6899, Val Accuracy: 0.5245
Train Loss: 0.6898
Val Loss: 0.6899, Val Accuracy: 0.5155
Epoch 246/300, Train Loss: 0.6898, Val Loss: 0.6899, Val Accuracy: 0.5155
Train Loss: 0.6902
Val Loss: 0.6980, Val Accuracy: 0.5205
Epoch 247/300, Train Loss: 0.6902, Val Loss: 0.6980, Val Accuracy: 0.5205
Train Loss: 0.6897
Val Loss: 0.6893, Val Accuracy: 0.5175
Epoch 248/300, Train Loss: 0.6897, Val Loss: 0.6893, Val Accuracy: 0.5175
Train Loss: 0.6905
Val Loss: 0.6995, Val Accuracy: 0.5170
Epoch 249/300, Train Loss: 0.6905, Val Loss: 0.6995, Val Accuracy: 0.5170
Train Loss: 0.6895
Val Loss: 0.6912, Val Accuracy: 0.5210
Epoch 250/300, Train Loss: 0.6895, Val Loss: 0.6912, Val Accuracy: 0.5210
Train Loss: 0.6905
Val Loss: 0.6906, Val Accuracy: 0.5220
Epoch 251/300, Train Loss: 0.6905, Val Loss: 0.6906, Val Accuracy: 0.5220
Train Loss: 0.6918
Val Loss: 0.6934, Val Accuracy: 0.5110
Epoch 252/300, Train Loss: 0.6918, Val Loss: 0.6934, Val Accuracy: 0.5110
Train Loss: 0.6932
Val Loss: 0.6929, Val Accuracy: 0.5155
Epoch 253/300, Train Loss: 0.6932, Val Loss: 0.6929, Val Accuracy: 0.5155
Train Loss: 0.6932
Val Loss: 0.6928, Val Accuracy: 0.5095
Epoch 254/300, Train Loss: 0.6932, Val Loss: 0.6928, Val Accuracy: 0.5095
Train Loss: 0.6931
Val Loss: 0.6928, Val Accuracy: 0.5085
Epoch 255/300, Train Loss: 0.6931, Val Loss: 0.6928, Val Accuracy: 0.5085
Train Loss: 0.6932
Val Loss: 0.6928, Val Accuracy: 0.5125
Epoch 256/300, Train Loss: 0.6932, Val Loss: 0.6928, Val Accuracy: 0.5125
Train Loss: 0.6930
Val Loss: 0.6927, Val Accuracy: 0.5145
Epoch 257/300, Train Loss: 0.6930, Val Loss: 0.6927, Val Accuracy: 0.5145
Train Loss: 0.6929
Val Loss: 0.6928, Val Accuracy: 0.5115
Epoch 258/300, Train Loss: 0.6929, Val Loss: 0.6928, Val Accuracy: 0.5115
Train Loss: 0.6930
Val Loss: 0.6926, Val Accuracy: 0.5100
Epoch 259/300, Train Loss: 0.6930, Val Loss: 0.6926, Val Accuracy: 0.5100
Train Loss: 0.6931
Val Loss: 0.6925, Val Accuracy: 0.5140
Epoch 260/300, Train Loss: 0.6931, Val Loss: 0.6925, Val Accuracy: 0.5140
Train Loss: 0.6928
Val Loss: 0.6924, Val Accuracy: 0.5160
Epoch 261/300, Train Loss: 0.6928, Val Loss: 0.6924, Val Accuracy: 0.5160
Train Loss: 0.6929
Val Loss: 0.6925, Val Accuracy: 0.5100
Epoch 262/300, Train Loss: 0.6929, Val Loss: 0.6925, Val Accuracy: 0.5100
Train Loss: 0.6926
Val Loss: 0.6925, Val Accuracy: 0.5175
Epoch 263/300, Train Loss: 0.6926, Val Loss: 0.6925, Val Accuracy: 0.5175
Train Loss: 0.6927
Val Loss: 0.6923, Val Accuracy: 0.5185
Epoch 264/300, Train Loss: 0.6927, Val Loss: 0.6923, Val Accuracy: 0.5185
Train Loss: 0.6924
Val Loss: 0.6922, Val Accuracy: 0.5110
Epoch 265/300, Train Loss: 0.6924, Val Loss: 0.6922, Val Accuracy: 0.5110
Train Loss: 0.6922
Val Loss: 0.6922, Val Accuracy: 0.5175
Epoch 266/300, Train Loss: 0.6922, Val Loss: 0.6922, Val Accuracy: 0.5175
Train Loss: 0.6920
Val Loss: 0.6921, Val Accuracy: 0.5170
Epoch 267/300, Train Loss: 0.6920, Val Loss: 0.6921, Val Accuracy: 0.5170
Train Loss: 0.6925
Val Loss: 0.6915, Val Accuracy: 0.5185
Epoch 268/300, Train Loss: 0.6925, Val Loss: 0.6915, Val Accuracy: 0.5185
Train Loss: 0.6918
Val Loss: 0.6904, Val Accuracy: 0.5185
Epoch 269/300, Train Loss: 0.6918, Val Loss: 0.6904, Val Accuracy: 0.5185
Train Loss: 0.6916
Val Loss: 0.6922, Val Accuracy: 0.5230
Epoch 270/300, Train Loss: 0.6916, Val Loss: 0.6922, Val Accuracy: 0.5230
Train Loss: 0.6923
Val Loss: 0.6911, Val Accuracy: 0.5235
Epoch 271/300, Train Loss: 0.6923, Val Loss: 0.6911, Val Accuracy: 0.5235
Train Loss: 0.6907
Val Loss: 0.6902, Val Accuracy: 0.5210
Epoch 272/300, Train Loss: 0.6907, Val Loss: 0.6902, Val Accuracy: 0.5210
Train Loss: 0.6901
Val Loss: 0.6911, Val Accuracy: 0.5215
Epoch 273/300, Train Loss: 0.6901, Val Loss: 0.6911, Val Accuracy: 0.5215
Train Loss: 0.6903
Val Loss: 0.6890, Val Accuracy: 0.5145
Epoch 274/300, Train Loss: 0.6903, Val Loss: 0.6890, Val Accuracy: 0.5145
Train Loss: 0.6892
Val Loss: 0.9482, Val Accuracy: 0.5220
Epoch 275/300, Train Loss: 0.6892, Val Loss: 0.9482, Val Accuracy: 0.5220
Train Loss: 0.6895
Val Loss: 0.7059, Val Accuracy: 0.5110
Epoch 276/300, Train Loss: 0.6895, Val Loss: 0.7059, Val Accuracy: 0.5110
Train Loss: 0.6899
Val Loss: 0.6885, Val Accuracy: 0.5180
Epoch 277/300, Train Loss: 0.6899, Val Loss: 0.6885, Val Accuracy: 0.5180
Train Loss: 0.6902
Val Loss: 0.6870, Val Accuracy: 0.5120
Epoch 278/300, Train Loss: 0.6902, Val Loss: 0.6870, Val Accuracy: 0.5120
Train Loss: 0.6887
Val Loss: 0.6915, Val Accuracy: 0.5200
Epoch 279/300, Train Loss: 0.6887, Val Loss: 0.6915, Val Accuracy: 0.5200
Train Loss: 0.6885
Val Loss: 0.6898, Val Accuracy: 0.5280
Epoch 280/300, Train Loss: 0.6885, Val Loss: 0.6898, Val Accuracy: 0.5280
Train Loss: 0.6886
Val Loss: 0.6916, Val Accuracy: 0.5145
Epoch 281/300, Train Loss: 0.6886, Val Loss: 0.6916, Val Accuracy: 0.5145
Train Loss: 0.6893
Val Loss: 0.6870, Val Accuracy: 0.5160
Epoch 282/300, Train Loss: 0.6893, Val Loss: 0.6870, Val Accuracy: 0.5160
Train Loss: 0.6880
Val Loss: 0.6881, Val Accuracy: 0.5250
Epoch 283/300, Train Loss: 0.6880, Val Loss: 0.6881, Val Accuracy: 0.5250
Train Loss: 0.6871
Val Loss: 0.6913, Val Accuracy: 0.5105
Epoch 284/300, Train Loss: 0.6871, Val Loss: 0.6913, Val Accuracy: 0.5105
Train Loss: 0.6866
Val Loss: 0.6840, Val Accuracy: 0.5235
Epoch 285/300, Train Loss: 0.6866, Val Loss: 0.6840, Val Accuracy: 0.5235
Train Loss: 0.6890
Val Loss: 0.6893, Val Accuracy: 0.5250
Epoch 286/300, Train Loss: 0.6890, Val Loss: 0.6893, Val Accuracy: 0.5250
Train Loss: 0.6881
Val Loss: 0.6927, Val Accuracy: 0.5145
Epoch 287/300, Train Loss: 0.6881, Val Loss: 0.6927, Val Accuracy: 0.5145
Train Loss: 0.6882
Val Loss: 0.6873, Val Accuracy: 0.5235
Epoch 288/300, Train Loss: 0.6882, Val Loss: 0.6873, Val Accuracy: 0.5235
Train Loss: 0.6893
Val Loss: 0.6843, Val Accuracy: 0.5190
Epoch 289/300, Train Loss: 0.6893, Val Loss: 0.6843, Val Accuracy: 0.5190
Train Loss: 0.6882
Val Loss: 0.6876, Val Accuracy: 0.5290
Epoch 290/300, Train Loss: 0.6882, Val Loss: 0.6876, Val Accuracy: 0.5290
Train Loss: 0.6866
Val Loss: 0.6849, Val Accuracy: 0.5260
Epoch 291/300, Train Loss: 0.6866, Val Loss: 0.6849, Val Accuracy: 0.5260
Train Loss: 0.6878
Val Loss: 0.6987, Val Accuracy: 0.5230
Epoch 292/300, Train Loss: 0.6878, Val Loss: 0.6987, Val Accuracy: 0.5230
Train Loss: 0.6871
Val Loss: 0.7195, Val Accuracy: 0.5245
Epoch 293/300, Train Loss: 0.6871, Val Loss: 0.7195, Val Accuracy: 0.5245
Train Loss: 0.6882
Val Loss: 0.6905, Val Accuracy: 0.5155
Epoch 294/300, Train Loss: 0.6882, Val Loss: 0.6905, Val Accuracy: 0.5155
Train Loss: 0.6878
Val Loss: 0.6869, Val Accuracy: 0.5200
Epoch 295/300, Train Loss: 0.6878, Val Loss: 0.6869, Val Accuracy: 0.5200
Train Loss: 0.6891
Val Loss: 0.6888, Val Accuracy: 0.5240
Epoch 296/300, Train Loss: 0.6891, Val Loss: 0.6888, Val Accuracy: 0.5240
Train Loss: 0.6859
Val Loss: 0.6886, Val Accuracy: 0.5260
Epoch 297/300, Train Loss: 0.6859, Val Loss: 0.6886, Val Accuracy: 0.5260
Train Loss: 0.6858
Val Loss: 0.6907, Val Accuracy: 0.5200
Epoch 298/300, Train Loss: 0.6858, Val Loss: 0.6907, Val Accuracy: 0.5200
Train Loss: 0.6869
Val Loss: 0.6852, Val Accuracy: 0.5315
Epoch 299/300, Train Loss: 0.6869, Val Loss: 0.6852, Val Accuracy: 0.5315
Train Loss: 0.6856
Val Loss: 0.6895, Val Accuracy: 0.5150
Epoch 300/300, Train Loss: 0.6856, Val Loss: 0.6895, Val Accuracy: 0.5150
Model training completed.
