Starting training process...
Train Loss: 0.2747
Val Loss: 0.0856, Val Accuracy: 0.9740
Epoch 1/300, Train Loss: 0.2747, Val Loss: 0.0856, Val Accuracy: 0.9740
Train Loss: 0.0479
Val Loss: 0.0291, Val Accuracy: 0.9900
Epoch 2/300, Train Loss: 0.0479, Val Loss: 0.0291, Val Accuracy: 0.9900
Train Loss: 0.0288
Val Loss: 0.0136, Val Accuracy: 0.9955
Epoch 3/300, Train Loss: 0.0288, Val Loss: 0.0136, Val Accuracy: 0.9955
Train Loss: 0.0209
Val Loss: 0.0082, Val Accuracy: 0.9985
Epoch 4/300, Train Loss: 0.0209, Val Loss: 0.0082, Val Accuracy: 0.9985
Train Loss: 0.0198
Val Loss: 0.0168, Val Accuracy: 0.9955
Epoch 5/300, Train Loss: 0.0198, Val Loss: 0.0168, Val Accuracy: 0.9955
Train Loss: 0.0159
Val Loss: 0.0650, Val Accuracy: 0.9825
Epoch 6/300, Train Loss: 0.0159, Val Loss: 0.0650, Val Accuracy: 0.9825
Train Loss: 0.0186
Val Loss: 0.0105, Val Accuracy: 0.9975
Epoch 7/300, Train Loss: 0.0186, Val Loss: 0.0105, Val Accuracy: 0.9975
Train Loss: 0.0088
Val Loss: 0.0226, Val Accuracy: 0.9920
Epoch 8/300, Train Loss: 0.0088, Val Loss: 0.0226, Val Accuracy: 0.9920
Train Loss: 0.0133
Val Loss: 0.0067, Val Accuracy: 0.9970
Epoch 9/300, Train Loss: 0.0133, Val Loss: 0.0067, Val Accuracy: 0.9970
Train Loss: 0.0149
Val Loss: 0.0078, Val Accuracy: 0.9980
Epoch 10/300, Train Loss: 0.0149, Val Loss: 0.0078, Val Accuracy: 0.9980
Train Loss: 0.0108
Val Loss: 0.0086, Val Accuracy: 0.9960
Epoch 11/300, Train Loss: 0.0108, Val Loss: 0.0086, Val Accuracy: 0.9960
Train Loss: 0.0099
Val Loss: 0.0104, Val Accuracy: 0.9970
Epoch 12/300, Train Loss: 0.0099, Val Loss: 0.0104, Val Accuracy: 0.9970
Train Loss: 0.0105
Val Loss: 0.0134, Val Accuracy: 0.9945
Epoch 13/300, Train Loss: 0.0105, Val Loss: 0.0134, Val Accuracy: 0.9945
Train Loss: 0.0049
Val Loss: 0.0098, Val Accuracy: 0.9960
Epoch 14/300, Train Loss: 0.0049, Val Loss: 0.0098, Val Accuracy: 0.9960
Train Loss: 0.0040
Val Loss: 0.0105, Val Accuracy: 0.9965
Epoch 15/300, Train Loss: 0.0040, Val Loss: 0.0105, Val Accuracy: 0.9965
Train Loss: 0.0110
Val Loss: 0.0278, Val Accuracy: 0.9870
Epoch 16/300, Train Loss: 0.0110, Val Loss: 0.0278, Val Accuracy: 0.9870
Train Loss: 0.0087
Val Loss: 0.0081, Val Accuracy: 0.9965
Epoch 17/300, Train Loss: 0.0087, Val Loss: 0.0081, Val Accuracy: 0.9965
Train Loss: 0.0057
Val Loss: 0.0035, Val Accuracy: 0.9990
Epoch 18/300, Train Loss: 0.0057, Val Loss: 0.0035, Val Accuracy: 0.9990
Train Loss: 0.0137
Val Loss: 0.0253, Val Accuracy: 0.9895
Epoch 19/300, Train Loss: 0.0137, Val Loss: 0.0253, Val Accuracy: 0.9895
Train Loss: 0.0142
Val Loss: 0.0103, Val Accuracy: 0.9960
Epoch 20/300, Train Loss: 0.0142, Val Loss: 0.0103, Val Accuracy: 0.9960
Train Loss: 0.0059
Val Loss: 0.0052, Val Accuracy: 0.9985
Epoch 21/300, Train Loss: 0.0059, Val Loss: 0.0052, Val Accuracy: 0.9985
Train Loss: 0.0064
Val Loss: 0.0096, Val Accuracy: 0.9965
Epoch 22/300, Train Loss: 0.0064, Val Loss: 0.0096, Val Accuracy: 0.9965
Train Loss: 0.0101
Val Loss: 0.0089, Val Accuracy: 0.9960
Epoch 23/300, Train Loss: 0.0101, Val Loss: 0.0089, Val Accuracy: 0.9960
Train Loss: 0.0055
Val Loss: 0.0093, Val Accuracy: 0.9980
Epoch 24/300, Train Loss: 0.0055, Val Loss: 0.0093, Val Accuracy: 0.9980
Train Loss: 0.0061
Val Loss: 0.0146, Val Accuracy: 0.9930
Epoch 25/300, Train Loss: 0.0061, Val Loss: 0.0146, Val Accuracy: 0.9930
Train Loss: 0.0035
Val Loss: 0.0050, Val Accuracy: 0.9985
Epoch 26/300, Train Loss: 0.0035, Val Loss: 0.0050, Val Accuracy: 0.9985
Train Loss: 0.0043
Val Loss: 0.0044, Val Accuracy: 0.9985
Epoch 27/300, Train Loss: 0.0043, Val Loss: 0.0044, Val Accuracy: 0.9985
Train Loss: 0.0117
Val Loss: 0.0126, Val Accuracy: 0.9960
Epoch 28/300, Train Loss: 0.0117, Val Loss: 0.0126, Val Accuracy: 0.9960
Train Loss: 0.0055
Val Loss: 0.0239, Val Accuracy: 0.9935
Epoch 29/300, Train Loss: 0.0055, Val Loss: 0.0239, Val Accuracy: 0.9935
Train Loss: 0.0049
Val Loss: 0.0069, Val Accuracy: 0.9985
Epoch 30/300, Train Loss: 0.0049, Val Loss: 0.0069, Val Accuracy: 0.9985
Train Loss: 0.0029
Val Loss: 0.0258, Val Accuracy: 0.9920
Epoch 31/300, Train Loss: 0.0029, Val Loss: 0.0258, Val Accuracy: 0.9920
Train Loss: 0.0030
Val Loss: 0.0091, Val Accuracy: 0.9955
Epoch 32/300, Train Loss: 0.0030, Val Loss: 0.0091, Val Accuracy: 0.9955
Train Loss: 0.0015
Val Loss: 0.0074, Val Accuracy: 0.9975
Epoch 33/300, Train Loss: 0.0015, Val Loss: 0.0074, Val Accuracy: 0.9975
Train Loss: 0.0079
Val Loss: 0.0047, Val Accuracy: 0.9990
Epoch 34/300, Train Loss: 0.0079, Val Loss: 0.0047, Val Accuracy: 0.9990
Train Loss: 0.0026
Val Loss: 0.0029, Val Accuracy: 0.9990
Epoch 35/300, Train Loss: 0.0026, Val Loss: 0.0029, Val Accuracy: 0.9990
Train Loss: 0.0038
Val Loss: 0.0189, Val Accuracy: 0.9965
Epoch 36/300, Train Loss: 0.0038, Val Loss: 0.0189, Val Accuracy: 0.9965
Train Loss: 0.0022
Val Loss: 0.0134, Val Accuracy: 0.9975
Epoch 37/300, Train Loss: 0.0022, Val Loss: 0.0134, Val Accuracy: 0.9975
Train Loss: 0.0043
Val Loss: 0.0156, Val Accuracy: 0.9935
Epoch 38/300, Train Loss: 0.0043, Val Loss: 0.0156, Val Accuracy: 0.9935
Train Loss: 0.0028
Val Loss: 0.0188, Val Accuracy: 0.9925
Epoch 39/300, Train Loss: 0.0028, Val Loss: 0.0188, Val Accuracy: 0.9925
Train Loss: 0.0012
Val Loss: 0.0085, Val Accuracy: 0.9975
Epoch 40/300, Train Loss: 0.0012, Val Loss: 0.0085, Val Accuracy: 0.9975
Train Loss: 0.0041
Val Loss: 0.0090, Val Accuracy: 0.9965
Epoch 41/300, Train Loss: 0.0041, Val Loss: 0.0090, Val Accuracy: 0.9965
Train Loss: 0.0020
Val Loss: 0.0105, Val Accuracy: 0.9975
Epoch 42/300, Train Loss: 0.0020, Val Loss: 0.0105, Val Accuracy: 0.9975
Train Loss: 0.0047
Val Loss: 0.0146, Val Accuracy: 0.9960
Epoch 43/300, Train Loss: 0.0047, Val Loss: 0.0146, Val Accuracy: 0.9960
Train Loss: 0.0020
Val Loss: 0.0080, Val Accuracy: 0.9990
Epoch 44/300, Train Loss: 0.0020, Val Loss: 0.0080, Val Accuracy: 0.9990
Train Loss: 0.0026
Val Loss: 0.0117, Val Accuracy: 0.9960
Epoch 45/300, Train Loss: 0.0026, Val Loss: 0.0117, Val Accuracy: 0.9960
Train Loss: 0.0036
Val Loss: 0.0088, Val Accuracy: 0.9975
Epoch 46/300, Train Loss: 0.0036, Val Loss: 0.0088, Val Accuracy: 0.9975
Train Loss: 0.0019
Val Loss: 0.0118, Val Accuracy: 0.9960
Epoch 47/300, Train Loss: 0.0019, Val Loss: 0.0118, Val Accuracy: 0.9960
Train Loss: 0.0008
Val Loss: 0.0107, Val Accuracy: 0.9970
Epoch 48/300, Train Loss: 0.0008, Val Loss: 0.0107, Val Accuracy: 0.9970
Train Loss: 0.0020
Val Loss: 0.0162, Val Accuracy: 0.9960
Epoch 49/300, Train Loss: 0.0020, Val Loss: 0.0162, Val Accuracy: 0.9960
Train Loss: 0.0048
Val Loss: 0.0061, Val Accuracy: 0.9985
Epoch 50/300, Train Loss: 0.0048, Val Loss: 0.0061, Val Accuracy: 0.9985
Train Loss: 0.0007
Val Loss: 0.0051, Val Accuracy: 0.9985
Epoch 51/300, Train Loss: 0.0007, Val Loss: 0.0051, Val Accuracy: 0.9985
Train Loss: 0.0003
Val Loss: 0.0103, Val Accuracy: 0.9970
Epoch 52/300, Train Loss: 0.0003, Val Loss: 0.0103, Val Accuracy: 0.9970
Train Loss: 0.0026
Val Loss: 0.0166, Val Accuracy: 0.9930
Epoch 53/300, Train Loss: 0.0026, Val Loss: 0.0166, Val Accuracy: 0.9930
Train Loss: 0.0068
Val Loss: 0.0128, Val Accuracy: 0.9960
Epoch 54/300, Train Loss: 0.0068, Val Loss: 0.0128, Val Accuracy: 0.9960
Train Loss: 0.0030
Val Loss: 0.0078, Val Accuracy: 0.9985
Epoch 55/300, Train Loss: 0.0030, Val Loss: 0.0078, Val Accuracy: 0.9985
Train Loss: 0.0003
Val Loss: 0.0074, Val Accuracy: 0.9985
Epoch 56/300, Train Loss: 0.0003, Val Loss: 0.0074, Val Accuracy: 0.9985
Train Loss: 0.0011
Val Loss: 0.0062, Val Accuracy: 0.9980
Epoch 57/300, Train Loss: 0.0011, Val Loss: 0.0062, Val Accuracy: 0.9980
Train Loss: 0.0010
Val Loss: 0.0176, Val Accuracy: 0.9970
Epoch 58/300, Train Loss: 0.0010, Val Loss: 0.0176, Val Accuracy: 0.9970
Train Loss: 0.0002
Val Loss: 0.0213, Val Accuracy: 0.9965
Epoch 59/300, Train Loss: 0.0002, Val Loss: 0.0213, Val Accuracy: 0.9965
Train Loss: 0.0063
Val Loss: 0.0188, Val Accuracy: 0.9950
Epoch 60/300, Train Loss: 0.0063, Val Loss: 0.0188, Val Accuracy: 0.9950
Train Loss: 0.0027
Val Loss: 0.0066, Val Accuracy: 0.9980
Epoch 61/300, Train Loss: 0.0027, Val Loss: 0.0066, Val Accuracy: 0.9980
Train Loss: 0.0014
Val Loss: 0.0137, Val Accuracy: 0.9975
Epoch 62/300, Train Loss: 0.0014, Val Loss: 0.0137, Val Accuracy: 0.9975
Train Loss: 0.0028
Val Loss: 0.0077, Val Accuracy: 0.9985
Epoch 63/300, Train Loss: 0.0028, Val Loss: 0.0077, Val Accuracy: 0.9985
Train Loss: 0.0006
Val Loss: 0.0087, Val Accuracy: 0.9980
Epoch 64/300, Train Loss: 0.0006, Val Loss: 0.0087, Val Accuracy: 0.9980
Train Loss: 0.0003
Val Loss: 0.0116, Val Accuracy: 0.9965
Epoch 65/300, Train Loss: 0.0003, Val Loss: 0.0116, Val Accuracy: 0.9965
Train Loss: 0.0033
Val Loss: 0.0154, Val Accuracy: 0.9915
Epoch 66/300, Train Loss: 0.0033, Val Loss: 0.0154, Val Accuracy: 0.9915
Train Loss: 0.0070
Val Loss: 0.0133, Val Accuracy: 0.9965
Epoch 67/300, Train Loss: 0.0070, Val Loss: 0.0133, Val Accuracy: 0.9965
Train Loss: 0.0008
Val Loss: 0.0107, Val Accuracy: 0.9970
Epoch 68/300, Train Loss: 0.0008, Val Loss: 0.0107, Val Accuracy: 0.9970
Train Loss: 0.0005
Val Loss: 0.0077, Val Accuracy: 0.9980
Epoch 69/300, Train Loss: 0.0005, Val Loss: 0.0077, Val Accuracy: 0.9980
Train Loss: 0.0003
Val Loss: 0.0104, Val Accuracy: 0.9975
Epoch 70/300, Train Loss: 0.0003, Val Loss: 0.0104, Val Accuracy: 0.9975
Train Loss: 0.0002
Val Loss: 0.0088, Val Accuracy: 0.9980
Epoch 71/300, Train Loss: 0.0002, Val Loss: 0.0088, Val Accuracy: 0.9980
Train Loss: 0.0002
Val Loss: 0.0088, Val Accuracy: 0.9985
Epoch 72/300, Train Loss: 0.0002, Val Loss: 0.0088, Val Accuracy: 0.9985
Train Loss: 0.0002
Val Loss: 0.0097, Val Accuracy: 0.9985
Epoch 73/300, Train Loss: 0.0002, Val Loss: 0.0097, Val Accuracy: 0.9985
Train Loss: 0.0002
Val Loss: 0.0078, Val Accuracy: 0.9980
Epoch 74/300, Train Loss: 0.0002, Val Loss: 0.0078, Val Accuracy: 0.9980
Train Loss: 0.0002
Val Loss: 0.0081, Val Accuracy: 0.9985
Epoch 75/300, Train Loss: 0.0002, Val Loss: 0.0081, Val Accuracy: 0.9985
Train Loss: 0.0001
Val Loss: 0.0081, Val Accuracy: 0.9980
Epoch 76/300, Train Loss: 0.0001, Val Loss: 0.0081, Val Accuracy: 0.9980
Train Loss: 0.0014
Val Loss: 0.0240, Val Accuracy: 0.9925
Epoch 77/300, Train Loss: 0.0014, Val Loss: 0.0240, Val Accuracy: 0.9925
Train Loss: 0.0077
Val Loss: 0.0098, Val Accuracy: 0.9970
Epoch 78/300, Train Loss: 0.0077, Val Loss: 0.0098, Val Accuracy: 0.9970
Train Loss: 0.0007
Val Loss: 0.0088, Val Accuracy: 0.9975
Epoch 79/300, Train Loss: 0.0007, Val Loss: 0.0088, Val Accuracy: 0.9975
Train Loss: 0.0003
Val Loss: 0.0067, Val Accuracy: 0.9980
Epoch 80/300, Train Loss: 0.0003, Val Loss: 0.0067, Val Accuracy: 0.9980
Train Loss: 0.0002
Val Loss: 0.0071, Val Accuracy: 0.9980
Epoch 81/300, Train Loss: 0.0002, Val Loss: 0.0071, Val Accuracy: 0.9980
Train Loss: 0.0006
Val Loss: 0.0155, Val Accuracy: 0.9980
Epoch 82/300, Train Loss: 0.0006, Val Loss: 0.0155, Val Accuracy: 0.9980
Train Loss: 0.0027
Val Loss: 0.0173, Val Accuracy: 0.9960
Epoch 83/300, Train Loss: 0.0027, Val Loss: 0.0173, Val Accuracy: 0.9960
Train Loss: 0.0035
Val Loss: 0.0096, Val Accuracy: 0.9965
Epoch 84/300, Train Loss: 0.0035, Val Loss: 0.0096, Val Accuracy: 0.9965
Train Loss: 0.0010
Val Loss: 0.0070, Val Accuracy: 0.9985
Epoch 85/300, Train Loss: 0.0010, Val Loss: 0.0070, Val Accuracy: 0.9985
Train Loss: 0.0004
Val Loss: 0.0164, Val Accuracy: 0.9970
Epoch 86/300, Train Loss: 0.0004, Val Loss: 0.0164, Val Accuracy: 0.9970
Train Loss: 0.0030
Val Loss: 0.0060, Val Accuracy: 0.9980
Epoch 87/300, Train Loss: 0.0030, Val Loss: 0.0060, Val Accuracy: 0.9980
Train Loss: 0.0023
Val Loss: 0.0095, Val Accuracy: 0.9985
Epoch 88/300, Train Loss: 0.0023, Val Loss: 0.0095, Val Accuracy: 0.9985
Train Loss: 0.0019
Val Loss: 0.0138, Val Accuracy: 0.9955
Epoch 89/300, Train Loss: 0.0019, Val Loss: 0.0138, Val Accuracy: 0.9955
Train Loss: 0.0026
Val Loss: 0.0095, Val Accuracy: 0.9965
Epoch 90/300, Train Loss: 0.0026, Val Loss: 0.0095, Val Accuracy: 0.9965
Train Loss: 0.0006
Val Loss: 0.0056, Val Accuracy: 0.9990
Epoch 91/300, Train Loss: 0.0006, Val Loss: 0.0056, Val Accuracy: 0.9990
Train Loss: 0.0033
Val Loss: 0.0115, Val Accuracy: 0.9965
Epoch 92/300, Train Loss: 0.0033, Val Loss: 0.0115, Val Accuracy: 0.9965
Train Loss: 0.0011
Val Loss: 0.0092, Val Accuracy: 0.9970
Epoch 93/300, Train Loss: 0.0011, Val Loss: 0.0092, Val Accuracy: 0.9970
Train Loss: 0.0002
Val Loss: 0.0085, Val Accuracy: 0.9985
Epoch 94/300, Train Loss: 0.0002, Val Loss: 0.0085, Val Accuracy: 0.9985
Train Loss: 0.0009
Val Loss: 0.0165, Val Accuracy: 0.9955
Epoch 95/300, Train Loss: 0.0009, Val Loss: 0.0165, Val Accuracy: 0.9955
Train Loss: 0.0002
Val Loss: 0.0085, Val Accuracy: 0.9985
Epoch 96/300, Train Loss: 0.0002, Val Loss: 0.0085, Val Accuracy: 0.9985
Train Loss: 0.0026
Val Loss: 0.0108, Val Accuracy: 0.9970
Epoch 97/300, Train Loss: 0.0026, Val Loss: 0.0108, Val Accuracy: 0.9970
Train Loss: 0.0012
Val Loss: 0.0108, Val Accuracy: 0.9980
Epoch 98/300, Train Loss: 0.0012, Val Loss: 0.0108, Val Accuracy: 0.9980
Train Loss: 0.0003
Val Loss: 0.0059, Val Accuracy: 0.9990
Epoch 99/300, Train Loss: 0.0003, Val Loss: 0.0059, Val Accuracy: 0.9990
Train Loss: 0.0006
Val Loss: 0.0089, Val Accuracy: 0.9975
Epoch 100/300, Train Loss: 0.0006, Val Loss: 0.0089, Val Accuracy: 0.9975
Train Loss: 0.0002
Val Loss: 0.0108, Val Accuracy: 0.9980
Epoch 101/300, Train Loss: 0.0002, Val Loss: 0.0108, Val Accuracy: 0.9980
Train Loss: 0.0050
Val Loss: 0.0189, Val Accuracy: 0.9935
Epoch 102/300, Train Loss: 0.0050, Val Loss: 0.0189, Val Accuracy: 0.9935
Train Loss: 0.0025
Val Loss: 0.0187, Val Accuracy: 0.9940
Epoch 103/300, Train Loss: 0.0025, Val Loss: 0.0187, Val Accuracy: 0.9940
Train Loss: 0.0021
Val Loss: 0.0049, Val Accuracy: 0.9985
Epoch 104/300, Train Loss: 0.0021, Val Loss: 0.0049, Val Accuracy: 0.9985
Train Loss: 0.0003
Val Loss: 0.0086, Val Accuracy: 0.9975
Epoch 105/300, Train Loss: 0.0003, Val Loss: 0.0086, Val Accuracy: 0.9975
Train Loss: 0.0010
Val Loss: 0.0122, Val Accuracy: 0.9930
Epoch 106/300, Train Loss: 0.0010, Val Loss: 0.0122, Val Accuracy: 0.9930
Train Loss: 0.0004
Val Loss: 0.0091, Val Accuracy: 0.9980
Epoch 107/300, Train Loss: 0.0004, Val Loss: 0.0091, Val Accuracy: 0.9980
Train Loss: 0.0002
Val Loss: 0.0077, Val Accuracy: 0.9975
Epoch 108/300, Train Loss: 0.0002, Val Loss: 0.0077, Val Accuracy: 0.9975
Train Loss: 0.0003
Val Loss: 0.0090, Val Accuracy: 0.9980
Epoch 109/300, Train Loss: 0.0003, Val Loss: 0.0090, Val Accuracy: 0.9980
Train Loss: 0.0002
Val Loss: 0.0100, Val Accuracy: 0.9980
Epoch 110/300, Train Loss: 0.0002, Val Loss: 0.0100, Val Accuracy: 0.9980
Train Loss: 0.0002
Val Loss: 0.0096, Val Accuracy: 0.9980
Epoch 111/300, Train Loss: 0.0002, Val Loss: 0.0096, Val Accuracy: 0.9980
Train Loss: 0.0001
Val Loss: 0.0087, Val Accuracy: 0.9980
Epoch 112/300, Train Loss: 0.0001, Val Loss: 0.0087, Val Accuracy: 0.9980
Train Loss: 0.0002
Val Loss: 0.0084, Val Accuracy: 0.9980
Epoch 113/300, Train Loss: 0.0002, Val Loss: 0.0084, Val Accuracy: 0.9980
Train Loss: 0.0038
Val Loss: 0.0430, Val Accuracy: 0.9935
Epoch 114/300, Train Loss: 0.0038, Val Loss: 0.0430, Val Accuracy: 0.9935
Train Loss: 0.0021
Val Loss: 0.0135, Val Accuracy: 0.9965
Epoch 115/300, Train Loss: 0.0021, Val Loss: 0.0135, Val Accuracy: 0.9965
Train Loss: 0.0003
Val Loss: 0.0121, Val Accuracy: 0.9970
Epoch 116/300, Train Loss: 0.0003, Val Loss: 0.0121, Val Accuracy: 0.9970
Train Loss: 0.0002
Val Loss: 0.0109, Val Accuracy: 0.9980
Epoch 117/300, Train Loss: 0.0002, Val Loss: 0.0109, Val Accuracy: 0.9980
Train Loss: 0.0002
Val Loss: 0.0120, Val Accuracy: 0.9975
Epoch 118/300, Train Loss: 0.0002, Val Loss: 0.0120, Val Accuracy: 0.9975
Train Loss: 0.0002
Val Loss: 0.0104, Val Accuracy: 0.9980
Epoch 119/300, Train Loss: 0.0002, Val Loss: 0.0104, Val Accuracy: 0.9980
Train Loss: 0.0057
Val Loss: 0.0102, Val Accuracy: 0.9970
Epoch 120/300, Train Loss: 0.0057, Val Loss: 0.0102, Val Accuracy: 0.9970
Train Loss: 0.0006
Val Loss: 0.0299, Val Accuracy: 0.9955
Epoch 121/300, Train Loss: 0.0006, Val Loss: 0.0299, Val Accuracy: 0.9955
Train Loss: 0.0009
Val Loss: 0.0118, Val Accuracy: 0.9970
Epoch 122/300, Train Loss: 0.0009, Val Loss: 0.0118, Val Accuracy: 0.9970
Train Loss: 0.0006
Val Loss: 0.0102, Val Accuracy: 0.9975
Epoch 123/300, Train Loss: 0.0006, Val Loss: 0.0102, Val Accuracy: 0.9975
Train Loss: 0.0001
Val Loss: 0.0124, Val Accuracy: 0.9970
Epoch 124/300, Train Loss: 0.0001, Val Loss: 0.0124, Val Accuracy: 0.9970
Train Loss: 0.0001
Val Loss: 0.0131, Val Accuracy: 0.9980
Epoch 125/300, Train Loss: 0.0001, Val Loss: 0.0131, Val Accuracy: 0.9980
Train Loss: 0.0029
Val Loss: 0.0180, Val Accuracy: 0.9950
Epoch 126/300, Train Loss: 0.0029, Val Loss: 0.0180, Val Accuracy: 0.9950
Train Loss: 0.0040
Val Loss: 0.0055, Val Accuracy: 0.9985
Epoch 127/300, Train Loss: 0.0040, Val Loss: 0.0055, Val Accuracy: 0.9985
Train Loss: 0.0010
Val Loss: 0.0098, Val Accuracy: 0.9980
Epoch 128/300, Train Loss: 0.0010, Val Loss: 0.0098, Val Accuracy: 0.9980
Train Loss: 0.0004
Val Loss: 0.0068, Val Accuracy: 0.9980
Epoch 129/300, Train Loss: 0.0004, Val Loss: 0.0068, Val Accuracy: 0.9980
Train Loss: 0.0002
Val Loss: 0.0062, Val Accuracy: 0.9985
Epoch 130/300, Train Loss: 0.0002, Val Loss: 0.0062, Val Accuracy: 0.9985
Train Loss: 0.0005
Val Loss: 0.0136, Val Accuracy: 0.9930
Epoch 131/300, Train Loss: 0.0005, Val Loss: 0.0136, Val Accuracy: 0.9930
Train Loss: 0.0004
Val Loss: 0.0079, Val Accuracy: 0.9960
Epoch 132/300, Train Loss: 0.0004, Val Loss: 0.0079, Val Accuracy: 0.9960
Train Loss: 0.0003
Val Loss: 0.0108, Val Accuracy: 0.9965
Epoch 133/300, Train Loss: 0.0003, Val Loss: 0.0108, Val Accuracy: 0.9965
Train Loss: 0.0002
Val Loss: 0.0105, Val Accuracy: 0.9975
Epoch 134/300, Train Loss: 0.0002, Val Loss: 0.0105, Val Accuracy: 0.9975
Train Loss: 0.0001
Val Loss: 0.0109, Val Accuracy: 0.9955
Epoch 135/300, Train Loss: 0.0001, Val Loss: 0.0109, Val Accuracy: 0.9955
Train Loss: 0.0001
Val Loss: 0.0116, Val Accuracy: 0.9950
Epoch 136/300, Train Loss: 0.0001, Val Loss: 0.0116, Val Accuracy: 0.9950
Train Loss: 0.0004
Val Loss: 0.0136, Val Accuracy: 0.9970
Epoch 137/300, Train Loss: 0.0004, Val Loss: 0.0136, Val Accuracy: 0.9970
Train Loss: 0.0004
Val Loss: 0.0122, Val Accuracy: 0.9980
Epoch 138/300, Train Loss: 0.0004, Val Loss: 0.0122, Val Accuracy: 0.9980
Train Loss: 0.0093
Val Loss: 0.0148, Val Accuracy: 0.9945
Epoch 139/300, Train Loss: 0.0093, Val Loss: 0.0148, Val Accuracy: 0.9945
Train Loss: 0.0029
Val Loss: 0.0107, Val Accuracy: 0.9965
Epoch 140/300, Train Loss: 0.0029, Val Loss: 0.0107, Val Accuracy: 0.9965
Train Loss: 0.0003
Val Loss: 0.0170, Val Accuracy: 0.9955
Epoch 141/300, Train Loss: 0.0003, Val Loss: 0.0170, Val Accuracy: 0.9955
Train Loss: 0.0016
Val Loss: 0.0130, Val Accuracy: 0.9955
Epoch 142/300, Train Loss: 0.0016, Val Loss: 0.0130, Val Accuracy: 0.9955
Train Loss: 0.0003
Val Loss: 0.0146, Val Accuracy: 0.9955
Epoch 143/300, Train Loss: 0.0003, Val Loss: 0.0146, Val Accuracy: 0.9955
Train Loss: 0.0002
Val Loss: 0.0137, Val Accuracy: 0.9965
Epoch 144/300, Train Loss: 0.0002, Val Loss: 0.0137, Val Accuracy: 0.9965
Train Loss: 0.0002
Val Loss: 0.0146, Val Accuracy: 0.9960
Epoch 145/300, Train Loss: 0.0002, Val Loss: 0.0146, Val Accuracy: 0.9960
Train Loss: 0.0002
Val Loss: 0.0163, Val Accuracy: 0.9965
Epoch 146/300, Train Loss: 0.0002, Val Loss: 0.0163, Val Accuracy: 0.9965
Train Loss: 0.0002
Val Loss: 0.0167, Val Accuracy: 0.9960
Epoch 147/300, Train Loss: 0.0002, Val Loss: 0.0167, Val Accuracy: 0.9960
Train Loss: 0.0003
Val Loss: 0.0163, Val Accuracy: 0.9965
Epoch 148/300, Train Loss: 0.0003, Val Loss: 0.0163, Val Accuracy: 0.9965
Train Loss: 0.0002
Val Loss: 0.0156, Val Accuracy: 0.9965
Epoch 149/300, Train Loss: 0.0002, Val Loss: 0.0156, Val Accuracy: 0.9965
Train Loss: 0.0001
Val Loss: 0.0165, Val Accuracy: 0.9965
Epoch 150/300, Train Loss: 0.0001, Val Loss: 0.0165, Val Accuracy: 0.9965
Train Loss: 0.0001
Val Loss: 0.0163, Val Accuracy: 0.9970
Epoch 151/300, Train Loss: 0.0001, Val Loss: 0.0163, Val Accuracy: 0.9970
Train Loss: 0.0001
Val Loss: 0.0200, Val Accuracy: 0.9960
Epoch 152/300, Train Loss: 0.0001, Val Loss: 0.0200, Val Accuracy: 0.9960
Train Loss: 0.0051
Val Loss: 0.0284, Val Accuracy: 0.9905
Epoch 153/300, Train Loss: 0.0051, Val Loss: 0.0284, Val Accuracy: 0.9905
Train Loss: 0.0019
Val Loss: 0.0108, Val Accuracy: 0.9960
Epoch 154/300, Train Loss: 0.0019, Val Loss: 0.0108, Val Accuracy: 0.9960
Train Loss: 0.0003
Val Loss: 0.0098, Val Accuracy: 0.9975
Epoch 155/300, Train Loss: 0.0003, Val Loss: 0.0098, Val Accuracy: 0.9975
Train Loss: 0.0002
Val Loss: 0.0121, Val Accuracy: 0.9980
Epoch 156/300, Train Loss: 0.0002, Val Loss: 0.0121, Val Accuracy: 0.9980
Train Loss: 0.0001
Val Loss: 0.0113, Val Accuracy: 0.9965
Epoch 157/300, Train Loss: 0.0001, Val Loss: 0.0113, Val Accuracy: 0.9965
Train Loss: 0.0002
Val Loss: 0.0136, Val Accuracy: 0.9955
Epoch 158/300, Train Loss: 0.0002, Val Loss: 0.0136, Val Accuracy: 0.9955
Train Loss: 0.0002
Val Loss: 0.0146, Val Accuracy: 0.9980
Epoch 159/300, Train Loss: 0.0002, Val Loss: 0.0146, Val Accuracy: 0.9980
Train Loss: 0.0002
Val Loss: 0.0113, Val Accuracy: 0.9960
Epoch 160/300, Train Loss: 0.0002, Val Loss: 0.0113, Val Accuracy: 0.9960
Train Loss: 0.0001
Val Loss: 0.0096, Val Accuracy: 0.9970
Epoch 161/300, Train Loss: 0.0001, Val Loss: 0.0096, Val Accuracy: 0.9970
Train Loss: 0.0001
Val Loss: 0.0086, Val Accuracy: 0.9980
Epoch 162/300, Train Loss: 0.0001, Val Loss: 0.0086, Val Accuracy: 0.9980
Train Loss: 0.0074
Val Loss: 0.0165, Val Accuracy: 0.9940
Epoch 163/300, Train Loss: 0.0074, Val Loss: 0.0165, Val Accuracy: 0.9940
Train Loss: 0.0009
Val Loss: 0.0240, Val Accuracy: 0.9935
Epoch 164/300, Train Loss: 0.0009, Val Loss: 0.0240, Val Accuracy: 0.9935
Train Loss: 0.0002
Val Loss: 0.0221, Val Accuracy: 0.9940
Epoch 165/300, Train Loss: 0.0002, Val Loss: 0.0221, Val Accuracy: 0.9940
Train Loss: 0.0001
Val Loss: 0.0233, Val Accuracy: 0.9940
Epoch 166/300, Train Loss: 0.0001, Val Loss: 0.0233, Val Accuracy: 0.9940
Train Loss: 0.0001
Val Loss: 0.0212, Val Accuracy: 0.9940
Epoch 167/300, Train Loss: 0.0001, Val Loss: 0.0212, Val Accuracy: 0.9940
Train Loss: 0.0002
Val Loss: 0.0210, Val Accuracy: 0.9950
Epoch 168/300, Train Loss: 0.0002, Val Loss: 0.0210, Val Accuracy: 0.9950
Train Loss: 0.0002
Val Loss: 0.0197, Val Accuracy: 0.9955
Epoch 169/300, Train Loss: 0.0002, Val Loss: 0.0197, Val Accuracy: 0.9955
Train Loss: 0.0001
Val Loss: 0.0220, Val Accuracy: 0.9960
Epoch 170/300, Train Loss: 0.0001, Val Loss: 0.0220, Val Accuracy: 0.9960
Train Loss: 0.0002
Val Loss: 0.0210, Val Accuracy: 0.9950
Epoch 171/300, Train Loss: 0.0002, Val Loss: 0.0210, Val Accuracy: 0.9950
Train Loss: 0.0001
Val Loss: 0.0202, Val Accuracy: 0.9950
Epoch 172/300, Train Loss: 0.0001, Val Loss: 0.0202, Val Accuracy: 0.9950
Train Loss: 0.0002
Val Loss: 0.0240, Val Accuracy: 0.9945
Epoch 173/300, Train Loss: 0.0002, Val Loss: 0.0240, Val Accuracy: 0.9945
Train Loss: 0.0054
Val Loss: 0.0119, Val Accuracy: 0.9950
Epoch 174/300, Train Loss: 0.0054, Val Loss: 0.0119, Val Accuracy: 0.9950
Train Loss: 0.0009
Val Loss: 0.0080, Val Accuracy: 0.9985
Epoch 175/300, Train Loss: 0.0009, Val Loss: 0.0080, Val Accuracy: 0.9985
Train Loss: 0.0011
Val Loss: 0.0217, Val Accuracy: 0.9955
Epoch 176/300, Train Loss: 0.0011, Val Loss: 0.0217, Val Accuracy: 0.9955
Train Loss: 0.0003
Val Loss: 0.0165, Val Accuracy: 0.9970
Epoch 177/300, Train Loss: 0.0003, Val Loss: 0.0165, Val Accuracy: 0.9970
Train Loss: 0.0001
Val Loss: 0.0120, Val Accuracy: 0.9970
Epoch 178/300, Train Loss: 0.0001, Val Loss: 0.0120, Val Accuracy: 0.9970
Train Loss: 0.0001
Val Loss: 0.0118, Val Accuracy: 0.9970
Epoch 179/300, Train Loss: 0.0001, Val Loss: 0.0118, Val Accuracy: 0.9970
Train Loss: 0.0001
Val Loss: 0.0116, Val Accuracy: 0.9980
Epoch 180/300, Train Loss: 0.0001, Val Loss: 0.0116, Val Accuracy: 0.9980
Train Loss: 0.0001
Val Loss: 0.0098, Val Accuracy: 0.9970
Epoch 181/300, Train Loss: 0.0001, Val Loss: 0.0098, Val Accuracy: 0.9970
Train Loss: 0.0004
Val Loss: 0.0147, Val Accuracy: 0.9960
Epoch 182/300, Train Loss: 0.0004, Val Loss: 0.0147, Val Accuracy: 0.9960
Train Loss: 0.0002
Val Loss: 0.0136, Val Accuracy: 0.9975
Epoch 183/300, Train Loss: 0.0002, Val Loss: 0.0136, Val Accuracy: 0.9975
Train Loss: 0.0001
Val Loss: 0.0149, Val Accuracy: 0.9980
Epoch 184/300, Train Loss: 0.0001, Val Loss: 0.0149, Val Accuracy: 0.9980
Train Loss: 0.0001
Val Loss: 0.0148, Val Accuracy: 0.9980
Epoch 185/300, Train Loss: 0.0001, Val Loss: 0.0148, Val Accuracy: 0.9980
Train Loss: 0.0002
Val Loss: 0.0144, Val Accuracy: 0.9975
Epoch 186/300, Train Loss: 0.0002, Val Loss: 0.0144, Val Accuracy: 0.9975
Train Loss: 0.0031
Val Loss: 0.0141, Val Accuracy: 0.9965
Epoch 187/300, Train Loss: 0.0031, Val Loss: 0.0141, Val Accuracy: 0.9965
Train Loss: 0.0017
Val Loss: 0.0137, Val Accuracy: 0.9975
Epoch 188/300, Train Loss: 0.0017, Val Loss: 0.0137, Val Accuracy: 0.9975
Train Loss: 0.0003
Val Loss: 0.0105, Val Accuracy: 0.9980
Epoch 189/300, Train Loss: 0.0003, Val Loss: 0.0105, Val Accuracy: 0.9980
Train Loss: 0.0001
Val Loss: 0.0093, Val Accuracy: 0.9990
Epoch 190/300, Train Loss: 0.0001, Val Loss: 0.0093, Val Accuracy: 0.9990
Train Loss: 0.0002
Val Loss: 0.0093, Val Accuracy: 0.9980
Epoch 191/300, Train Loss: 0.0002, Val Loss: 0.0093, Val Accuracy: 0.9980
Train Loss: 0.0001
Val Loss: 0.0101, Val Accuracy: 0.9985
Epoch 192/300, Train Loss: 0.0001, Val Loss: 0.0101, Val Accuracy: 0.9985
Train Loss: 0.0001
Val Loss: 0.0100, Val Accuracy: 0.9985
Epoch 193/300, Train Loss: 0.0001, Val Loss: 0.0100, Val Accuracy: 0.9985
Train Loss: 0.0001
Val Loss: 0.0139, Val Accuracy: 0.9980
Epoch 194/300, Train Loss: 0.0001, Val Loss: 0.0139, Val Accuracy: 0.9980
Train Loss: 0.0001
Val Loss: 0.0102, Val Accuracy: 0.9985
Epoch 195/300, Train Loss: 0.0001, Val Loss: 0.0102, Val Accuracy: 0.9985
Train Loss: 0.0001
Val Loss: 0.0119, Val Accuracy: 0.9985
Epoch 196/300, Train Loss: 0.0001, Val Loss: 0.0119, Val Accuracy: 0.9985
Train Loss: 0.0003
Val Loss: 0.0201, Val Accuracy: 0.9975
Epoch 197/300, Train Loss: 0.0003, Val Loss: 0.0201, Val Accuracy: 0.9975
Train Loss: 0.0086
Val Loss: 0.0107, Val Accuracy: 0.9970
Epoch 198/300, Train Loss: 0.0086, Val Loss: 0.0107, Val Accuracy: 0.9970
Train Loss: 0.0004
Val Loss: 0.0104, Val Accuracy: 0.9965
Epoch 199/300, Train Loss: 0.0004, Val Loss: 0.0104, Val Accuracy: 0.9965
Train Loss: 0.0001
Val Loss: 0.0107, Val Accuracy: 0.9960
Epoch 200/300, Train Loss: 0.0001, Val Loss: 0.0107, Val Accuracy: 0.9960
Train Loss: 0.0001
Val Loss: 0.0141, Val Accuracy: 0.9960
Epoch 201/300, Train Loss: 0.0001, Val Loss: 0.0141, Val Accuracy: 0.9960
Train Loss: 0.0001
Val Loss: 0.0145, Val Accuracy: 0.9965
Epoch 202/300, Train Loss: 0.0001, Val Loss: 0.0145, Val Accuracy: 0.9965
Train Loss: 0.0002
Val Loss: 0.0157, Val Accuracy: 0.9960
Epoch 203/300, Train Loss: 0.0002, Val Loss: 0.0157, Val Accuracy: 0.9960
Train Loss: 0.0000
Val Loss: 0.0153, Val Accuracy: 0.9960
Epoch 204/300, Train Loss: 0.0000, Val Loss: 0.0153, Val Accuracy: 0.9960
Train Loss: 0.0000
Val Loss: 0.0156, Val Accuracy: 0.9960
Epoch 205/300, Train Loss: 0.0000, Val Loss: 0.0156, Val Accuracy: 0.9960
Train Loss: 0.0000
Val Loss: 0.0153, Val Accuracy: 0.9965
Epoch 206/300, Train Loss: 0.0000, Val Loss: 0.0153, Val Accuracy: 0.9965
Train Loss: 0.0000
Val Loss: 0.0173, Val Accuracy: 0.9960
Epoch 207/300, Train Loss: 0.0000, Val Loss: 0.0173, Val Accuracy: 0.9960
Train Loss: 0.0000
Val Loss: 0.0158, Val Accuracy: 0.9965
Epoch 208/300, Train Loss: 0.0000, Val Loss: 0.0158, Val Accuracy: 0.9965
Train Loss: 0.0071
Val Loss: 0.0134, Val Accuracy: 0.9945
Epoch 209/300, Train Loss: 0.0071, Val Loss: 0.0134, Val Accuracy: 0.9945
Train Loss: 0.0012
Val Loss: 0.0135, Val Accuracy: 0.9965
Epoch 210/300, Train Loss: 0.0012, Val Loss: 0.0135, Val Accuracy: 0.9965
Train Loss: 0.0001
Val Loss: 0.0138, Val Accuracy: 0.9960
Epoch 211/300, Train Loss: 0.0001, Val Loss: 0.0138, Val Accuracy: 0.9960
Train Loss: 0.0001
Val Loss: 0.0268, Val Accuracy: 0.9945
Epoch 212/300, Train Loss: 0.0001, Val Loss: 0.0268, Val Accuracy: 0.9945
Train Loss: 0.0012
Val Loss: 0.0176, Val Accuracy: 0.9970
Epoch 213/300, Train Loss: 0.0012, Val Loss: 0.0176, Val Accuracy: 0.9970
Train Loss: 0.0001
Val Loss: 0.0199, Val Accuracy: 0.9970
Epoch 214/300, Train Loss: 0.0001, Val Loss: 0.0199, Val Accuracy: 0.9970
Train Loss: 0.0006
Val Loss: 0.0152, Val Accuracy: 0.9975
Epoch 215/300, Train Loss: 0.0006, Val Loss: 0.0152, Val Accuracy: 0.9975
Train Loss: 0.0001
Val Loss: 0.0169, Val Accuracy: 0.9975
Epoch 216/300, Train Loss: 0.0001, Val Loss: 0.0169, Val Accuracy: 0.9975
Train Loss: 0.0001
Val Loss: 0.0149, Val Accuracy: 0.9970
Epoch 217/300, Train Loss: 0.0001, Val Loss: 0.0149, Val Accuracy: 0.9970
Train Loss: 0.0001
Val Loss: 0.0148, Val Accuracy: 0.9965
Epoch 218/300, Train Loss: 0.0001, Val Loss: 0.0148, Val Accuracy: 0.9965
Train Loss: 0.0000
Val Loss: 0.0189, Val Accuracy: 0.9970
Epoch 219/300, Train Loss: 0.0000, Val Loss: 0.0189, Val Accuracy: 0.9970
Train Loss: 0.0004
Val Loss: 0.0197, Val Accuracy: 0.9975
Epoch 220/300, Train Loss: 0.0004, Val Loss: 0.0197, Val Accuracy: 0.9975
Train Loss: 0.0005
Val Loss: 0.0105, Val Accuracy: 0.9970
Epoch 221/300, Train Loss: 0.0005, Val Loss: 0.0105, Val Accuracy: 0.9970
Train Loss: 0.0015
Val Loss: 0.0094, Val Accuracy: 0.9975
Epoch 222/300, Train Loss: 0.0015, Val Loss: 0.0094, Val Accuracy: 0.9975
Train Loss: 0.0017
Val Loss: 0.0147, Val Accuracy: 0.9965
Epoch 223/300, Train Loss: 0.0017, Val Loss: 0.0147, Val Accuracy: 0.9965
Train Loss: 0.0001
Val Loss: 0.0120, Val Accuracy: 0.9960
Epoch 224/300, Train Loss: 0.0001, Val Loss: 0.0120, Val Accuracy: 0.9960
Train Loss: 0.0001
Val Loss: 0.0126, Val Accuracy: 0.9970
Epoch 225/300, Train Loss: 0.0001, Val Loss: 0.0126, Val Accuracy: 0.9970
Train Loss: 0.0001
Val Loss: 0.0127, Val Accuracy: 0.9970
Epoch 226/300, Train Loss: 0.0001, Val Loss: 0.0127, Val Accuracy: 0.9970
Train Loss: 0.0001
Val Loss: 0.0167, Val Accuracy: 0.9960
Epoch 227/300, Train Loss: 0.0001, Val Loss: 0.0167, Val Accuracy: 0.9960
Train Loss: 0.0000
Val Loss: 0.0158, Val Accuracy: 0.9970
Epoch 228/300, Train Loss: 0.0000, Val Loss: 0.0158, Val Accuracy: 0.9970
Train Loss: 0.0001
Val Loss: 0.0111, Val Accuracy: 0.9970
Epoch 229/300, Train Loss: 0.0001, Val Loss: 0.0111, Val Accuracy: 0.9970
Train Loss: 0.0000
Val Loss: 0.0104, Val Accuracy: 0.9975
Epoch 230/300, Train Loss: 0.0000, Val Loss: 0.0104, Val Accuracy: 0.9975
Train Loss: 0.0000
Val Loss: 0.0108, Val Accuracy: 0.9975
Epoch 231/300, Train Loss: 0.0000, Val Loss: 0.0108, Val Accuracy: 0.9975
Train Loss: 0.0000
Val Loss: 0.0120, Val Accuracy: 0.9975
Epoch 232/300, Train Loss: 0.0000, Val Loss: 0.0120, Val Accuracy: 0.9975
Train Loss: 0.0000
Val Loss: 0.0108, Val Accuracy: 0.9975
Epoch 233/300, Train Loss: 0.0000, Val Loss: 0.0108, Val Accuracy: 0.9975
Train Loss: 0.0000
Val Loss: 0.0110, Val Accuracy: 0.9975
Epoch 234/300, Train Loss: 0.0000, Val Loss: 0.0110, Val Accuracy: 0.9975
Train Loss: 0.0000
Val Loss: 0.0113, Val Accuracy: 0.9975
Epoch 235/300, Train Loss: 0.0000, Val Loss: 0.0113, Val Accuracy: 0.9975
Train Loss: 0.0000
Val Loss: 0.0118, Val Accuracy: 0.9970
Epoch 236/300, Train Loss: 0.0000, Val Loss: 0.0118, Val Accuracy: 0.9970
Train Loss: 0.0000
Val Loss: 0.0121, Val Accuracy: 0.9970
Epoch 237/300, Train Loss: 0.0000, Val Loss: 0.0121, Val Accuracy: 0.9970
Train Loss: 0.0000
Val Loss: 0.0122, Val Accuracy: 0.9970
Epoch 238/300, Train Loss: 0.0000, Val Loss: 0.0122, Val Accuracy: 0.9970
Train Loss: 0.0000
Val Loss: 0.0139, Val Accuracy: 0.9975
Epoch 239/300, Train Loss: 0.0000, Val Loss: 0.0139, Val Accuracy: 0.9975
Train Loss: 0.0000
Val Loss: 0.0137, Val Accuracy: 0.9975
Epoch 240/300, Train Loss: 0.0000, Val Loss: 0.0137, Val Accuracy: 0.9975
Train Loss: 0.0000
Val Loss: 0.0140, Val Accuracy: 0.9975
Epoch 241/300, Train Loss: 0.0000, Val Loss: 0.0140, Val Accuracy: 0.9975
Train Loss: 0.0000
Val Loss: 0.0154, Val Accuracy: 0.9975
Epoch 242/300, Train Loss: 0.0000, Val Loss: 0.0154, Val Accuracy: 0.9975
Train Loss: 0.0000
Val Loss: 0.0139, Val Accuracy: 0.9975
Epoch 243/300, Train Loss: 0.0000, Val Loss: 0.0139, Val Accuracy: 0.9975
Train Loss: 0.0000
Val Loss: 0.0142, Val Accuracy: 0.9970
Epoch 244/300, Train Loss: 0.0000, Val Loss: 0.0142, Val Accuracy: 0.9970
Train Loss: 0.0000
Val Loss: 0.0138, Val Accuracy: 0.9975
Epoch 245/300, Train Loss: 0.0000, Val Loss: 0.0138, Val Accuracy: 0.9975
Train Loss: 0.0000
Val Loss: 0.0149, Val Accuracy: 0.9970
Epoch 246/300, Train Loss: 0.0000, Val Loss: 0.0149, Val Accuracy: 0.9970
Train Loss: 0.0000
Val Loss: 0.0136, Val Accuracy: 0.9970
Epoch 247/300, Train Loss: 0.0000, Val Loss: 0.0136, Val Accuracy: 0.9970
Train Loss: 0.0000
Val Loss: 0.0138, Val Accuracy: 0.9970
Epoch 248/300, Train Loss: 0.0000, Val Loss: 0.0138, Val Accuracy: 0.9970
Train Loss: 0.0000
Val Loss: 0.0137, Val Accuracy: 0.9970
Epoch 249/300, Train Loss: 0.0000, Val Loss: 0.0137, Val Accuracy: 0.9970
Train Loss: 0.0000
Val Loss: 0.0142, Val Accuracy: 0.9970
Epoch 250/300, Train Loss: 0.0000, Val Loss: 0.0142, Val Accuracy: 0.9970
Train Loss: 0.0000
Val Loss: 0.0147, Val Accuracy: 0.9970
Epoch 251/300, Train Loss: 0.0000, Val Loss: 0.0147, Val Accuracy: 0.9970
Train Loss: 0.0000
Val Loss: 0.0143, Val Accuracy: 0.9970
Epoch 252/300, Train Loss: 0.0000, Val Loss: 0.0143, Val Accuracy: 0.9970
Train Loss: 0.0000
Val Loss: 0.0244, Val Accuracy: 0.9965
Epoch 253/300, Train Loss: 0.0000, Val Loss: 0.0244, Val Accuracy: 0.9965
Train Loss: 0.0066
Val Loss: 0.0227, Val Accuracy: 0.9930
Epoch 254/300, Train Loss: 0.0066, Val Loss: 0.0227, Val Accuracy: 0.9930
Train Loss: 0.0007
Val Loss: 0.0156, Val Accuracy: 0.9970
Epoch 255/300, Train Loss: 0.0007, Val Loss: 0.0156, Val Accuracy: 0.9970
Train Loss: 0.0006
Val Loss: 0.0314, Val Accuracy: 0.9950
Epoch 256/300, Train Loss: 0.0006, Val Loss: 0.0314, Val Accuracy: 0.9950
Train Loss: 0.0027
Val Loss: 0.0205, Val Accuracy: 0.9955
Epoch 257/300, Train Loss: 0.0027, Val Loss: 0.0205, Val Accuracy: 0.9955
Train Loss: 0.0005
Val Loss: 0.0181, Val Accuracy: 0.9965
Epoch 258/300, Train Loss: 0.0005, Val Loss: 0.0181, Val Accuracy: 0.9965
Train Loss: 0.0000
Val Loss: 0.0173, Val Accuracy: 0.9965
Epoch 259/300, Train Loss: 0.0000, Val Loss: 0.0173, Val Accuracy: 0.9965
Train Loss: 0.0001
Val Loss: 0.0162, Val Accuracy: 0.9965
Epoch 260/300, Train Loss: 0.0001, Val Loss: 0.0162, Val Accuracy: 0.9965
Train Loss: 0.0000
Val Loss: 0.0172, Val Accuracy: 0.9975
Epoch 261/300, Train Loss: 0.0000, Val Loss: 0.0172, Val Accuracy: 0.9975
Train Loss: 0.0000
Val Loss: 0.0176, Val Accuracy: 0.9965
Epoch 262/300, Train Loss: 0.0000, Val Loss: 0.0176, Val Accuracy: 0.9965
Train Loss: 0.0000
Val Loss: 0.0184, Val Accuracy: 0.9970
Epoch 263/300, Train Loss: 0.0000, Val Loss: 0.0184, Val Accuracy: 0.9970
Train Loss: 0.0000
Val Loss: 0.0187, Val Accuracy: 0.9965
Epoch 264/300, Train Loss: 0.0000, Val Loss: 0.0187, Val Accuracy: 0.9965
Train Loss: 0.0000
Val Loss: 0.0182, Val Accuracy: 0.9965
Epoch 265/300, Train Loss: 0.0000, Val Loss: 0.0182, Val Accuracy: 0.9965
Train Loss: 0.0000
Val Loss: 0.0176, Val Accuracy: 0.9975
Epoch 266/300, Train Loss: 0.0000, Val Loss: 0.0176, Val Accuracy: 0.9975
Train Loss: 0.0000
Val Loss: 0.0205, Val Accuracy: 0.9960
Epoch 267/300, Train Loss: 0.0000, Val Loss: 0.0205, Val Accuracy: 0.9960
Train Loss: 0.0000
Val Loss: 0.0190, Val Accuracy: 0.9960
Epoch 268/300, Train Loss: 0.0000, Val Loss: 0.0190, Val Accuracy: 0.9960
Train Loss: 0.0000
Val Loss: 0.0199, Val Accuracy: 0.9960
Epoch 269/300, Train Loss: 0.0000, Val Loss: 0.0199, Val Accuracy: 0.9960
Train Loss: 0.0000
Val Loss: 0.0199, Val Accuracy: 0.9960
Epoch 270/300, Train Loss: 0.0000, Val Loss: 0.0199, Val Accuracy: 0.9960
Train Loss: 0.0000
Val Loss: 0.0189, Val Accuracy: 0.9960
Epoch 271/300, Train Loss: 0.0000, Val Loss: 0.0189, Val Accuracy: 0.9960
Train Loss: 0.0000
Val Loss: 0.0185, Val Accuracy: 0.9960
Epoch 272/300, Train Loss: 0.0000, Val Loss: 0.0185, Val Accuracy: 0.9960
Train Loss: 0.0000
Val Loss: 0.0186, Val Accuracy: 0.9970
Epoch 273/300, Train Loss: 0.0000, Val Loss: 0.0186, Val Accuracy: 0.9970
Train Loss: 0.0079
Val Loss: 0.0150, Val Accuracy: 0.9945
Epoch 274/300, Train Loss: 0.0079, Val Loss: 0.0150, Val Accuracy: 0.9945
Train Loss: 0.0004
Val Loss: 0.0149, Val Accuracy: 0.9970
Epoch 275/300, Train Loss: 0.0004, Val Loss: 0.0149, Val Accuracy: 0.9970
Train Loss: 0.0001
Val Loss: 0.0143, Val Accuracy: 0.9965
Epoch 276/300, Train Loss: 0.0001, Val Loss: 0.0143, Val Accuracy: 0.9965
Train Loss: 0.0000
Val Loss: 0.0143, Val Accuracy: 0.9965
Epoch 277/300, Train Loss: 0.0000, Val Loss: 0.0143, Val Accuracy: 0.9965
Train Loss: 0.0000
Val Loss: 0.0147, Val Accuracy: 0.9965
Epoch 278/300, Train Loss: 0.0000, Val Loss: 0.0147, Val Accuracy: 0.9965
Train Loss: 0.0000
Val Loss: 0.0165, Val Accuracy: 0.9970
Epoch 279/300, Train Loss: 0.0000, Val Loss: 0.0165, Val Accuracy: 0.9970
Train Loss: 0.0000
Val Loss: 0.0151, Val Accuracy: 0.9965
Epoch 280/300, Train Loss: 0.0000, Val Loss: 0.0151, Val Accuracy: 0.9965
Train Loss: 0.0000
Val Loss: 0.0150, Val Accuracy: 0.9970
Epoch 281/300, Train Loss: 0.0000, Val Loss: 0.0150, Val Accuracy: 0.9970
Train Loss: 0.0000
Val Loss: 0.0152, Val Accuracy: 0.9965
Epoch 282/300, Train Loss: 0.0000, Val Loss: 0.0152, Val Accuracy: 0.9965
Train Loss: 0.0000
Val Loss: 0.0147, Val Accuracy: 0.9965
Epoch 283/300, Train Loss: 0.0000, Val Loss: 0.0147, Val Accuracy: 0.9965
Train Loss: 0.0000
Val Loss: 0.0147, Val Accuracy: 0.9970
Epoch 284/300, Train Loss: 0.0000, Val Loss: 0.0147, Val Accuracy: 0.9970
Train Loss: 0.0000
Val Loss: 0.0158, Val Accuracy: 0.9965
Epoch 285/300, Train Loss: 0.0000, Val Loss: 0.0158, Val Accuracy: 0.9965
Train Loss: 0.0000
Val Loss: 0.0104, Val Accuracy: 0.9980
Epoch 286/300, Train Loss: 0.0000, Val Loss: 0.0104, Val Accuracy: 0.9980
Train Loss: 0.0000
Val Loss: 0.0126, Val Accuracy: 0.9975
Epoch 287/300, Train Loss: 0.0000, Val Loss: 0.0126, Val Accuracy: 0.9975
Train Loss: 0.0000
Val Loss: 0.0124, Val Accuracy: 0.9975
Epoch 288/300, Train Loss: 0.0000, Val Loss: 0.0124, Val Accuracy: 0.9975
Train Loss: 0.0000
Val Loss: 0.0137, Val Accuracy: 0.9975
Epoch 289/300, Train Loss: 0.0000, Val Loss: 0.0137, Val Accuracy: 0.9975
Train Loss: 0.0000
Val Loss: 0.0120, Val Accuracy: 0.9975
Epoch 290/300, Train Loss: 0.0000, Val Loss: 0.0120, Val Accuracy: 0.9975
Train Loss: 0.0000
Val Loss: 0.0132, Val Accuracy: 0.9975
Epoch 291/300, Train Loss: 0.0000, Val Loss: 0.0132, Val Accuracy: 0.9975
Train Loss: 0.0000
Val Loss: 0.0131, Val Accuracy: 0.9975
Epoch 292/300, Train Loss: 0.0000, Val Loss: 0.0131, Val Accuracy: 0.9975
Train Loss: 0.0000
Val Loss: 0.0133, Val Accuracy: 0.9975
Epoch 293/300, Train Loss: 0.0000, Val Loss: 0.0133, Val Accuracy: 0.9975
Train Loss: 0.0000
Val Loss: 0.0359, Val Accuracy: 0.9930
Epoch 294/300, Train Loss: 0.0000, Val Loss: 0.0359, Val Accuracy: 0.9930
Train Loss: 0.0075
Val Loss: 0.0082, Val Accuracy: 0.9965
Epoch 295/300, Train Loss: 0.0075, Val Loss: 0.0082, Val Accuracy: 0.9965
Train Loss: 0.0002
Val Loss: 0.0059, Val Accuracy: 0.9985
Epoch 296/300, Train Loss: 0.0002, Val Loss: 0.0059, Val Accuracy: 0.9985
Train Loss: 0.0001
Val Loss: 0.0082, Val Accuracy: 0.9970
Epoch 297/300, Train Loss: 0.0001, Val Loss: 0.0082, Val Accuracy: 0.9970
Train Loss: 0.0000
Val Loss: 0.0078, Val Accuracy: 0.9980
Epoch 298/300, Train Loss: 0.0000, Val Loss: 0.0078, Val Accuracy: 0.9980
Train Loss: 0.0000
Val Loss: 0.0107, Val Accuracy: 0.9970
Epoch 299/300, Train Loss: 0.0000, Val Loss: 0.0107, Val Accuracy: 0.9970
Train Loss: 0.0000
Val Loss: 0.0090, Val Accuracy: 0.9980
Epoch 300/300, Train Loss: 0.0000, Val Loss: 0.0090, Val Accuracy: 0.9980
Model training completed.
