Starting training process...
Train Loss: 0.7509
Val Loss: 0.6969, Val Accuracy: 0.5000
Epoch 1/300, Train Loss: 0.7509, Val Loss: 0.6969, Val Accuracy: 0.5000
Train Loss: 0.7078
Val Loss: 0.7090, Val Accuracy: 0.5120
Epoch 2/300, Train Loss: 0.7078, Val Loss: 0.7090, Val Accuracy: 0.5120
Train Loss: 0.7025
Val Loss: 0.6933, Val Accuracy: 0.5155
Epoch 3/300, Train Loss: 0.7025, Val Loss: 0.6933, Val Accuracy: 0.5155
Train Loss: 0.6990
Val Loss: 0.7469, Val Accuracy: 0.5045
Epoch 4/300, Train Loss: 0.6990, Val Loss: 0.7469, Val Accuracy: 0.5045
Train Loss: 0.6996
Val Loss: 0.7644, Val Accuracy: 0.5000
Epoch 5/300, Train Loss: 0.6996, Val Loss: 0.7644, Val Accuracy: 0.5000
Train Loss: 0.6990
Val Loss: 0.6926, Val Accuracy: 0.5050
Epoch 6/300, Train Loss: 0.6990, Val Loss: 0.6926, Val Accuracy: 0.5050
Train Loss: 0.6959
Val Loss: 0.6977, Val Accuracy: 0.5020
Epoch 7/300, Train Loss: 0.6959, Val Loss: 0.6977, Val Accuracy: 0.5020
Train Loss: 0.6960
Val Loss: 0.7001, Val Accuracy: 0.5060
Epoch 8/300, Train Loss: 0.6960, Val Loss: 0.7001, Val Accuracy: 0.5060
Train Loss: 0.6959
Val Loss: 0.6960, Val Accuracy: 0.5020
Epoch 9/300, Train Loss: 0.6959, Val Loss: 0.6960, Val Accuracy: 0.5020
Train Loss: 0.6952
Val Loss: 0.6934, Val Accuracy: 0.5000
Epoch 10/300, Train Loss: 0.6952, Val Loss: 0.6934, Val Accuracy: 0.5000
Train Loss: 0.6967
Val Loss: 0.6989, Val Accuracy: 0.5000
Epoch 11/300, Train Loss: 0.6967, Val Loss: 0.6989, Val Accuracy: 0.5000
Train Loss: 0.6949
Val Loss: 0.7011, Val Accuracy: 0.5300
Epoch 12/300, Train Loss: 0.6949, Val Loss: 0.7011, Val Accuracy: 0.5300
Train Loss: 0.6941
Val Loss: 0.6935, Val Accuracy: 0.5205
Epoch 13/300, Train Loss: 0.6941, Val Loss: 0.6935, Val Accuracy: 0.5205
Train Loss: 0.6947
Val Loss: 0.6944, Val Accuracy: 0.5095
Epoch 14/300, Train Loss: 0.6947, Val Loss: 0.6944, Val Accuracy: 0.5095
Train Loss: 0.6936
Val Loss: 0.6897, Val Accuracy: 0.5380
Epoch 15/300, Train Loss: 0.6936, Val Loss: 0.6897, Val Accuracy: 0.5380
Train Loss: 0.6927
Val Loss: 0.6929, Val Accuracy: 0.5180
Epoch 16/300, Train Loss: 0.6927, Val Loss: 0.6929, Val Accuracy: 0.5180
Train Loss: 0.6921
Val Loss: 0.6917, Val Accuracy: 0.5200
Epoch 17/300, Train Loss: 0.6921, Val Loss: 0.6917, Val Accuracy: 0.5200
Train Loss: 0.6931
Val Loss: 0.6902, Val Accuracy: 0.5360
Epoch 18/300, Train Loss: 0.6931, Val Loss: 0.6902, Val Accuracy: 0.5360
Train Loss: 0.6937
Val Loss: 0.6972, Val Accuracy: 0.5055
Epoch 19/300, Train Loss: 0.6937, Val Loss: 0.6972, Val Accuracy: 0.5055
Train Loss: 0.6943
Val Loss: 0.6996, Val Accuracy: 0.5035
Epoch 20/300, Train Loss: 0.6943, Val Loss: 0.6996, Val Accuracy: 0.5035
Train Loss: 0.6934
Val Loss: 0.6923, Val Accuracy: 0.5225
Epoch 21/300, Train Loss: 0.6934, Val Loss: 0.6923, Val Accuracy: 0.5225
Train Loss: 0.6933
Val Loss: 0.6919, Val Accuracy: 0.5215
Epoch 22/300, Train Loss: 0.6933, Val Loss: 0.6919, Val Accuracy: 0.5215
Train Loss: 0.6933
Val Loss: 0.6922, Val Accuracy: 0.5235
Epoch 23/300, Train Loss: 0.6933, Val Loss: 0.6922, Val Accuracy: 0.5235
Train Loss: 0.6934
Val Loss: 0.6915, Val Accuracy: 0.5260
Epoch 24/300, Train Loss: 0.6934, Val Loss: 0.6915, Val Accuracy: 0.5260
Train Loss: 0.6919
Val Loss: 0.6922, Val Accuracy: 0.5220
Epoch 25/300, Train Loss: 0.6919, Val Loss: 0.6922, Val Accuracy: 0.5220
Train Loss: 0.6919
Val Loss: 0.6897, Val Accuracy: 0.5290
Epoch 26/300, Train Loss: 0.6919, Val Loss: 0.6897, Val Accuracy: 0.5290
Train Loss: 0.6921
Val Loss: 0.6900, Val Accuracy: 0.5245
Epoch 27/300, Train Loss: 0.6921, Val Loss: 0.6900, Val Accuracy: 0.5245
Train Loss: 0.6906
Val Loss: 0.6887, Val Accuracy: 0.5355
Epoch 28/300, Train Loss: 0.6906, Val Loss: 0.6887, Val Accuracy: 0.5355
Train Loss: 0.6907
Val Loss: 0.6882, Val Accuracy: 0.5400
Epoch 29/300, Train Loss: 0.6907, Val Loss: 0.6882, Val Accuracy: 0.5400
Train Loss: 0.6906
Val Loss: 0.6874, Val Accuracy: 0.5415
Epoch 30/300, Train Loss: 0.6906, Val Loss: 0.6874, Val Accuracy: 0.5415
Train Loss: 0.6894
Val Loss: 0.6864, Val Accuracy: 0.5360
Epoch 31/300, Train Loss: 0.6894, Val Loss: 0.6864, Val Accuracy: 0.5360
Train Loss: 0.6882
Val Loss: 0.6875, Val Accuracy: 0.5410
Epoch 32/300, Train Loss: 0.6882, Val Loss: 0.6875, Val Accuracy: 0.5410
Train Loss: 0.6860
Val Loss: 0.6919, Val Accuracy: 0.5230
Epoch 33/300, Train Loss: 0.6860, Val Loss: 0.6919, Val Accuracy: 0.5230
Train Loss: 0.6878
Val Loss: 0.6915, Val Accuracy: 0.5245
Epoch 34/300, Train Loss: 0.6878, Val Loss: 0.6915, Val Accuracy: 0.5245
Train Loss: 0.6877
Val Loss: 0.6835, Val Accuracy: 0.5440
Epoch 35/300, Train Loss: 0.6877, Val Loss: 0.6835, Val Accuracy: 0.5440
Train Loss: 0.6858
Val Loss: 0.6848, Val Accuracy: 0.5335
Epoch 36/300, Train Loss: 0.6858, Val Loss: 0.6848, Val Accuracy: 0.5335
Train Loss: 0.6842
Val Loss: 0.6828, Val Accuracy: 0.5355
Epoch 37/300, Train Loss: 0.6842, Val Loss: 0.6828, Val Accuracy: 0.5355
Train Loss: 0.6863
Val Loss: 0.7010, Val Accuracy: 0.5290
Epoch 38/300, Train Loss: 0.6863, Val Loss: 0.7010, Val Accuracy: 0.5290
Train Loss: 0.6929
Val Loss: 0.6936, Val Accuracy: 0.5300
Epoch 39/300, Train Loss: 0.6929, Val Loss: 0.6936, Val Accuracy: 0.5300
Train Loss: 0.6881
Val Loss: 0.6782, Val Accuracy: 0.5555
Epoch 40/300, Train Loss: 0.6881, Val Loss: 0.6782, Val Accuracy: 0.5555
Train Loss: 0.6842
Val Loss: 0.6756, Val Accuracy: 0.5445
Epoch 41/300, Train Loss: 0.6842, Val Loss: 0.6756, Val Accuracy: 0.5445
Train Loss: 0.6832
Val Loss: 0.6853, Val Accuracy: 0.5505
Epoch 42/300, Train Loss: 0.6832, Val Loss: 0.6853, Val Accuracy: 0.5505
Train Loss: 0.6804
Val Loss: 0.6831, Val Accuracy: 0.5480
Epoch 43/300, Train Loss: 0.6804, Val Loss: 0.6831, Val Accuracy: 0.5480
Train Loss: 0.6789
Val Loss: 0.6759, Val Accuracy: 0.5590
Epoch 44/300, Train Loss: 0.6789, Val Loss: 0.6759, Val Accuracy: 0.5590
Train Loss: 0.6760
Val Loss: 0.6728, Val Accuracy: 0.5560
Epoch 45/300, Train Loss: 0.6760, Val Loss: 0.6728, Val Accuracy: 0.5560
Train Loss: 0.6751
Val Loss: 0.6805, Val Accuracy: 0.5490
Epoch 46/300, Train Loss: 0.6751, Val Loss: 0.6805, Val Accuracy: 0.5490
Train Loss: 0.6715
Val Loss: 0.6688, Val Accuracy: 0.5545
Epoch 47/300, Train Loss: 0.6715, Val Loss: 0.6688, Val Accuracy: 0.5545
Train Loss: 0.6715
Val Loss: 0.6800, Val Accuracy: 0.5540
Epoch 48/300, Train Loss: 0.6715, Val Loss: 0.6800, Val Accuracy: 0.5540
Train Loss: 0.6646
Val Loss: 0.6625, Val Accuracy: 0.5745
Epoch 49/300, Train Loss: 0.6646, Val Loss: 0.6625, Val Accuracy: 0.5745
Train Loss: 0.6644
Val Loss: 0.6867, Val Accuracy: 0.5375
Epoch 50/300, Train Loss: 0.6644, Val Loss: 0.6867, Val Accuracy: 0.5375
Train Loss: 0.6629
Val Loss: 0.6953, Val Accuracy: 0.5200
Epoch 51/300, Train Loss: 0.6629, Val Loss: 0.6953, Val Accuracy: 0.5200
Train Loss: 0.6595
Val Loss: 0.6657, Val Accuracy: 0.5700
Epoch 52/300, Train Loss: 0.6595, Val Loss: 0.6657, Val Accuracy: 0.5700
Train Loss: 0.6570
Val Loss: 0.6506, Val Accuracy: 0.5910
Epoch 53/300, Train Loss: 0.6570, Val Loss: 0.6506, Val Accuracy: 0.5910
Train Loss: 0.6549
Val Loss: 0.6518, Val Accuracy: 0.5890
Epoch 54/300, Train Loss: 0.6549, Val Loss: 0.6518, Val Accuracy: 0.5890
Train Loss: 0.6462
Val Loss: 0.6315, Val Accuracy: 0.5985
Epoch 55/300, Train Loss: 0.6462, Val Loss: 0.6315, Val Accuracy: 0.5985
Train Loss: 0.6465
Val Loss: 0.6485, Val Accuracy: 0.5825
Epoch 56/300, Train Loss: 0.6465, Val Loss: 0.6485, Val Accuracy: 0.5825
Train Loss: 0.6490
Val Loss: 0.6609, Val Accuracy: 0.5810
Epoch 57/300, Train Loss: 0.6490, Val Loss: 0.6609, Val Accuracy: 0.5810
Train Loss: 0.6362
Val Loss: 0.6276, Val Accuracy: 0.6005
Epoch 58/300, Train Loss: 0.6362, Val Loss: 0.6276, Val Accuracy: 0.6005
Train Loss: 0.6275
Val Loss: 0.6793, Val Accuracy: 0.5605
Epoch 59/300, Train Loss: 0.6275, Val Loss: 0.6793, Val Accuracy: 0.5605
Train Loss: 0.6193
Val Loss: 0.6635, Val Accuracy: 0.5765
Epoch 60/300, Train Loss: 0.6193, Val Loss: 0.6635, Val Accuracy: 0.5765
Train Loss: 0.6189
Val Loss: 0.6358, Val Accuracy: 0.5980
Epoch 61/300, Train Loss: 0.6189, Val Loss: 0.6358, Val Accuracy: 0.5980
Train Loss: 0.6130
Val Loss: 0.5831, Val Accuracy: 0.6350
Epoch 62/300, Train Loss: 0.6130, Val Loss: 0.5831, Val Accuracy: 0.6350
Train Loss: 0.5999
Val Loss: 0.7292, Val Accuracy: 0.5370
Epoch 63/300, Train Loss: 0.5999, Val Loss: 0.7292, Val Accuracy: 0.5370
Train Loss: 0.6022
Val Loss: 0.6876, Val Accuracy: 0.5745
Epoch 64/300, Train Loss: 0.6022, Val Loss: 0.6876, Val Accuracy: 0.5745
Train Loss: 0.5835
Val Loss: 0.5495, Val Accuracy: 0.6650
Epoch 65/300, Train Loss: 0.5835, Val Loss: 0.5495, Val Accuracy: 0.6650
Train Loss: 0.5784
Val Loss: 0.5567, Val Accuracy: 0.6605
Epoch 66/300, Train Loss: 0.5784, Val Loss: 0.5567, Val Accuracy: 0.6605
Train Loss: 0.5638
Val Loss: 0.5453, Val Accuracy: 0.6715
Epoch 67/300, Train Loss: 0.5638, Val Loss: 0.5453, Val Accuracy: 0.6715
Train Loss: 0.5625
Val Loss: 0.6466, Val Accuracy: 0.6030
Epoch 68/300, Train Loss: 0.5625, Val Loss: 0.6466, Val Accuracy: 0.6030
Train Loss: 0.5541
Val Loss: 0.5640, Val Accuracy: 0.6465
Epoch 69/300, Train Loss: 0.5541, Val Loss: 0.5640, Val Accuracy: 0.6465
Train Loss: 0.5409
Val Loss: 0.5246, Val Accuracy: 0.6715
Epoch 70/300, Train Loss: 0.5409, Val Loss: 0.5246, Val Accuracy: 0.6715
Train Loss: 0.5345
Val Loss: 0.5279, Val Accuracy: 0.6675
Epoch 71/300, Train Loss: 0.5345, Val Loss: 0.5279, Val Accuracy: 0.6675
Train Loss: 0.5214
Val Loss: 0.5791, Val Accuracy: 0.5985
Epoch 72/300, Train Loss: 0.5214, Val Loss: 0.5791, Val Accuracy: 0.5985
Train Loss: 0.5097
Val Loss: 0.5107, Val Accuracy: 0.6805
Epoch 73/300, Train Loss: 0.5097, Val Loss: 0.5107, Val Accuracy: 0.6805
Train Loss: 0.5071
Val Loss: 0.5199, Val Accuracy: 0.6710
Epoch 74/300, Train Loss: 0.5071, Val Loss: 0.5199, Val Accuracy: 0.6710
Train Loss: 0.5010
Val Loss: 0.4768, Val Accuracy: 0.7025
Epoch 75/300, Train Loss: 0.5010, Val Loss: 0.4768, Val Accuracy: 0.7025
Train Loss: 0.4852
Val Loss: 0.4622, Val Accuracy: 0.7200
Epoch 76/300, Train Loss: 0.4852, Val Loss: 0.4622, Val Accuracy: 0.7200
Train Loss: 0.4724
Val Loss: 0.4674, Val Accuracy: 0.7230
Epoch 77/300, Train Loss: 0.4724, Val Loss: 0.4674, Val Accuracy: 0.7230
Train Loss: 0.4748
Val Loss: 0.5957, Val Accuracy: 0.6090
Epoch 78/300, Train Loss: 0.4748, Val Loss: 0.5957, Val Accuracy: 0.6090
Train Loss: 0.4505
Val Loss: 0.4346, Val Accuracy: 0.7055
Epoch 79/300, Train Loss: 0.4505, Val Loss: 0.4346, Val Accuracy: 0.7055
Train Loss: 0.4487
Val Loss: 0.4236, Val Accuracy: 0.7595
Epoch 80/300, Train Loss: 0.4487, Val Loss: 0.4236, Val Accuracy: 0.7595
Train Loss: 0.4422
Val Loss: 0.4205, Val Accuracy: 0.7390
Epoch 81/300, Train Loss: 0.4422, Val Loss: 0.4205, Val Accuracy: 0.7390
Train Loss: 0.4281
Val Loss: 0.4757, Val Accuracy: 0.7340
Epoch 82/300, Train Loss: 0.4281, Val Loss: 0.4757, Val Accuracy: 0.7340
Train Loss: 0.4300
Val Loss: 0.4183, Val Accuracy: 0.7675
Epoch 83/300, Train Loss: 0.4300, Val Loss: 0.4183, Val Accuracy: 0.7675
Train Loss: 0.4176
Val Loss: 0.3789, Val Accuracy: 0.7775
Epoch 84/300, Train Loss: 0.4176, Val Loss: 0.3789, Val Accuracy: 0.7775
Train Loss: 0.4060
Val Loss: 0.4345, Val Accuracy: 0.7620
Epoch 85/300, Train Loss: 0.4060, Val Loss: 0.4345, Val Accuracy: 0.7620
Train Loss: 0.3975
Val Loss: 0.4062, Val Accuracy: 0.7435
Epoch 86/300, Train Loss: 0.3975, Val Loss: 0.4062, Val Accuracy: 0.7435
Train Loss: 0.3863
Val Loss: 0.4928, Val Accuracy: 0.6995
Epoch 87/300, Train Loss: 0.3863, Val Loss: 0.4928, Val Accuracy: 0.6995
Train Loss: 0.3816
Val Loss: 0.4033, Val Accuracy: 0.7720
Epoch 88/300, Train Loss: 0.3816, Val Loss: 0.4033, Val Accuracy: 0.7720
Train Loss: 0.3829
Val Loss: 0.4126, Val Accuracy: 0.7500
Epoch 89/300, Train Loss: 0.3829, Val Loss: 0.4126, Val Accuracy: 0.7500
Train Loss: 0.3565
Val Loss: 0.4969, Val Accuracy: 0.7775
Epoch 90/300, Train Loss: 0.3565, Val Loss: 0.4969, Val Accuracy: 0.7775
Train Loss: 0.3691
Val Loss: 0.3727, Val Accuracy: 0.7860
Epoch 91/300, Train Loss: 0.3691, Val Loss: 0.3727, Val Accuracy: 0.7860
Train Loss: 0.3416
Val Loss: 0.3561, Val Accuracy: 0.7595
Epoch 92/300, Train Loss: 0.3416, Val Loss: 0.3561, Val Accuracy: 0.7595
Train Loss: 0.3324
Val Loss: 0.7626, Val Accuracy: 0.7415
Epoch 93/300, Train Loss: 0.3324, Val Loss: 0.7626, Val Accuracy: 0.7415
Train Loss: 0.2995
Val Loss: 0.2870, Val Accuracy: 0.8370
Epoch 94/300, Train Loss: 0.2995, Val Loss: 0.2870, Val Accuracy: 0.8370
Train Loss: 0.2729
Val Loss: 0.2703, Val Accuracy: 0.8350
Epoch 95/300, Train Loss: 0.2729, Val Loss: 0.2703, Val Accuracy: 0.8350
Train Loss: 0.2517
Val Loss: 0.2251, Val Accuracy: 0.8705
Epoch 96/300, Train Loss: 0.2517, Val Loss: 0.2251, Val Accuracy: 0.8705
Train Loss: 0.2377
Val Loss: 0.2202, Val Accuracy: 0.8675
Epoch 97/300, Train Loss: 0.2377, Val Loss: 0.2202, Val Accuracy: 0.8675
Train Loss: 0.2206
Val Loss: 0.2617, Val Accuracy: 0.8755
Epoch 98/300, Train Loss: 0.2206, Val Loss: 0.2617, Val Accuracy: 0.8755
Train Loss: 0.1894
Val Loss: 0.1682, Val Accuracy: 0.9110
Epoch 99/300, Train Loss: 0.1894, Val Loss: 0.1682, Val Accuracy: 0.9110
Train Loss: 0.1676
Val Loss: 0.2493, Val Accuracy: 0.8780
Epoch 100/300, Train Loss: 0.1676, Val Loss: 0.2493, Val Accuracy: 0.8780
Train Loss: 0.1552
Val Loss: 0.1970, Val Accuracy: 0.9040
Epoch 101/300, Train Loss: 0.1552, Val Loss: 0.1970, Val Accuracy: 0.9040
Train Loss: 0.1538
Val Loss: 0.2593, Val Accuracy: 0.9075
Epoch 102/300, Train Loss: 0.1538, Val Loss: 0.2593, Val Accuracy: 0.9075
Train Loss: 0.1320
Val Loss: 0.1275, Val Accuracy: 0.9335
Epoch 103/300, Train Loss: 0.1320, Val Loss: 0.1275, Val Accuracy: 0.9335
Train Loss: 0.1260
Val Loss: 0.1375, Val Accuracy: 0.9300
Epoch 104/300, Train Loss: 0.1260, Val Loss: 0.1375, Val Accuracy: 0.9300
Train Loss: 0.1079
Val Loss: 0.1003, Val Accuracy: 0.9470
Epoch 105/300, Train Loss: 0.1079, Val Loss: 0.1003, Val Accuracy: 0.9470
Train Loss: 0.1050
Val Loss: 0.1153, Val Accuracy: 0.9460
Epoch 106/300, Train Loss: 0.1050, Val Loss: 0.1153, Val Accuracy: 0.9460
Train Loss: 0.0983
Val Loss: 0.0859, Val Accuracy: 0.9595
Epoch 107/300, Train Loss: 0.0983, Val Loss: 0.0859, Val Accuracy: 0.9595
Train Loss: 0.0870
Val Loss: 0.0903, Val Accuracy: 0.9570
Epoch 108/300, Train Loss: 0.0870, Val Loss: 0.0903, Val Accuracy: 0.9570
Train Loss: 0.0781
Val Loss: 0.0892, Val Accuracy: 0.9545
Epoch 109/300, Train Loss: 0.0781, Val Loss: 0.0892, Val Accuracy: 0.9545
Train Loss: 0.0732
Val Loss: 0.0790, Val Accuracy: 0.9630
Epoch 110/300, Train Loss: 0.0732, Val Loss: 0.0790, Val Accuracy: 0.9630
Train Loss: 0.0680
Val Loss: 0.0775, Val Accuracy: 0.9625
Epoch 111/300, Train Loss: 0.0680, Val Loss: 0.0775, Val Accuracy: 0.9625
Train Loss: 0.0585
Val Loss: 0.0650, Val Accuracy: 0.9705
Epoch 112/300, Train Loss: 0.0585, Val Loss: 0.0650, Val Accuracy: 0.9705
Train Loss: 0.0622
Val Loss: 0.0706, Val Accuracy: 0.9665
Epoch 113/300, Train Loss: 0.0622, Val Loss: 0.0706, Val Accuracy: 0.9665
Train Loss: 0.0690
Val Loss: 0.0539, Val Accuracy: 0.9740
Epoch 114/300, Train Loss: 0.0690, Val Loss: 0.0539, Val Accuracy: 0.9740
Train Loss: 0.0494
Val Loss: 0.0561, Val Accuracy: 0.9705
Epoch 115/300, Train Loss: 0.0494, Val Loss: 0.0561, Val Accuracy: 0.9705
Train Loss: 0.0545
Val Loss: 0.0509, Val Accuracy: 0.9755
Epoch 116/300, Train Loss: 0.0545, Val Loss: 0.0509, Val Accuracy: 0.9755
Train Loss: 0.0424
Val Loss: 0.0430, Val Accuracy: 0.9800
Epoch 117/300, Train Loss: 0.0424, Val Loss: 0.0430, Val Accuracy: 0.9800
Train Loss: 0.0506
Val Loss: 0.0481, Val Accuracy: 0.9770
Epoch 118/300, Train Loss: 0.0506, Val Loss: 0.0481, Val Accuracy: 0.9770
Train Loss: 0.0434
Val Loss: 0.0500, Val Accuracy: 0.9790
Epoch 119/300, Train Loss: 0.0434, Val Loss: 0.0500, Val Accuracy: 0.9790
Train Loss: 0.0328
Val Loss: 0.0677, Val Accuracy: 0.9680
Epoch 120/300, Train Loss: 0.0328, Val Loss: 0.0677, Val Accuracy: 0.9680
Train Loss: 0.0408
Val Loss: 0.0873, Val Accuracy: 0.9660
Epoch 121/300, Train Loss: 0.0408, Val Loss: 0.0873, Val Accuracy: 0.9660
Train Loss: 0.0349
Val Loss: 0.0408, Val Accuracy: 0.9820
Epoch 122/300, Train Loss: 0.0349, Val Loss: 0.0408, Val Accuracy: 0.9820
Train Loss: 0.0305
Val Loss: 0.0388, Val Accuracy: 0.9820
Epoch 123/300, Train Loss: 0.0305, Val Loss: 0.0388, Val Accuracy: 0.9820
Train Loss: 0.0383
Val Loss: 0.0399, Val Accuracy: 0.9830
Epoch 124/300, Train Loss: 0.0383, Val Loss: 0.0399, Val Accuracy: 0.9830
Train Loss: 0.0398
Val Loss: 0.0469, Val Accuracy: 0.9770
Epoch 125/300, Train Loss: 0.0398, Val Loss: 0.0469, Val Accuracy: 0.9770
Train Loss: 0.0379
Val Loss: 0.0421, Val Accuracy: 0.9790
Epoch 126/300, Train Loss: 0.0379, Val Loss: 0.0421, Val Accuracy: 0.9790
Train Loss: 0.0308
Val Loss: 0.0430, Val Accuracy: 0.9825
Epoch 127/300, Train Loss: 0.0308, Val Loss: 0.0430, Val Accuracy: 0.9825
Train Loss: 0.0267
Val Loss: 0.0430, Val Accuracy: 0.9785
Epoch 128/300, Train Loss: 0.0267, Val Loss: 0.0430, Val Accuracy: 0.9785
Train Loss: 0.0354
Val Loss: 0.0668, Val Accuracy: 0.9710
Epoch 129/300, Train Loss: 0.0354, Val Loss: 0.0668, Val Accuracy: 0.9710
Train Loss: 0.0284
Val Loss: 0.0394, Val Accuracy: 0.9830
Epoch 130/300, Train Loss: 0.0284, Val Loss: 0.0394, Val Accuracy: 0.9830
Train Loss: 0.0277
Val Loss: 0.0352, Val Accuracy: 0.9835
Epoch 131/300, Train Loss: 0.0277, Val Loss: 0.0352, Val Accuracy: 0.9835
Train Loss: 0.0257
Val Loss: 0.0523, Val Accuracy: 0.9755
Epoch 132/300, Train Loss: 0.0257, Val Loss: 0.0523, Val Accuracy: 0.9755
Train Loss: 0.0307
Val Loss: 0.0388, Val Accuracy: 0.9825
Epoch 133/300, Train Loss: 0.0307, Val Loss: 0.0388, Val Accuracy: 0.9825
Train Loss: 0.0273
Val Loss: 0.0442, Val Accuracy: 0.9815
Epoch 134/300, Train Loss: 0.0273, Val Loss: 0.0442, Val Accuracy: 0.9815
Train Loss: 0.0221
Val Loss: 0.0648, Val Accuracy: 0.9720
Epoch 135/300, Train Loss: 0.0221, Val Loss: 0.0648, Val Accuracy: 0.9720
Train Loss: 0.0272
Val Loss: 0.0321, Val Accuracy: 0.9855
Epoch 136/300, Train Loss: 0.0272, Val Loss: 0.0321, Val Accuracy: 0.9855
Train Loss: 0.0281
Val Loss: 0.0370, Val Accuracy: 0.9825
Epoch 137/300, Train Loss: 0.0281, Val Loss: 0.0370, Val Accuracy: 0.9825
Train Loss: 0.0196
Val Loss: 0.0307, Val Accuracy: 0.9850
Epoch 138/300, Train Loss: 0.0196, Val Loss: 0.0307, Val Accuracy: 0.9850
Train Loss: 0.0232
Val Loss: 0.0313, Val Accuracy: 0.9835
Epoch 139/300, Train Loss: 0.0232, Val Loss: 0.0313, Val Accuracy: 0.9835
Train Loss: 0.0219
Val Loss: 0.0476, Val Accuracy: 0.9760
Epoch 140/300, Train Loss: 0.0219, Val Loss: 0.0476, Val Accuracy: 0.9760
Train Loss: 0.0265
Val Loss: 0.0461, Val Accuracy: 0.9790
Epoch 141/300, Train Loss: 0.0265, Val Loss: 0.0461, Val Accuracy: 0.9790
Train Loss: 0.0216
Val Loss: 0.0275, Val Accuracy: 0.9855
Epoch 142/300, Train Loss: 0.0216, Val Loss: 0.0275, Val Accuracy: 0.9855
Train Loss: 0.0217
Val Loss: 0.0344, Val Accuracy: 0.9835
Epoch 143/300, Train Loss: 0.0217, Val Loss: 0.0344, Val Accuracy: 0.9835
Train Loss: 0.0186
Val Loss: 0.0297, Val Accuracy: 0.9850
Epoch 144/300, Train Loss: 0.0186, Val Loss: 0.0297, Val Accuracy: 0.9850
Train Loss: 0.0175
Val Loss: 0.0296, Val Accuracy: 0.9855
Epoch 145/300, Train Loss: 0.0175, Val Loss: 0.0296, Val Accuracy: 0.9855
Train Loss: 0.0193
Val Loss: 0.0302, Val Accuracy: 0.9850
Epoch 146/300, Train Loss: 0.0193, Val Loss: 0.0302, Val Accuracy: 0.9850
Train Loss: 0.0239
Val Loss: 0.0360, Val Accuracy: 0.9830
Epoch 147/300, Train Loss: 0.0239, Val Loss: 0.0360, Val Accuracy: 0.9830
Train Loss: 0.0153
Val Loss: 0.0453, Val Accuracy: 0.9810
Epoch 148/300, Train Loss: 0.0153, Val Loss: 0.0453, Val Accuracy: 0.9810
Train Loss: 0.0232
Val Loss: 0.0331, Val Accuracy: 0.9865
Epoch 149/300, Train Loss: 0.0232, Val Loss: 0.0331, Val Accuracy: 0.9865
Train Loss: 0.0239
Val Loss: 0.0267, Val Accuracy: 0.9865
Epoch 150/300, Train Loss: 0.0239, Val Loss: 0.0267, Val Accuracy: 0.9865
Train Loss: 0.0136
Val Loss: 0.0313, Val Accuracy: 0.9855
Epoch 151/300, Train Loss: 0.0136, Val Loss: 0.0313, Val Accuracy: 0.9855
Train Loss: 0.0152
Val Loss: 0.0254, Val Accuracy: 0.9870
Epoch 152/300, Train Loss: 0.0152, Val Loss: 0.0254, Val Accuracy: 0.9870
Train Loss: 0.0189
Val Loss: 0.0320, Val Accuracy: 0.9835
Epoch 153/300, Train Loss: 0.0189, Val Loss: 0.0320, Val Accuracy: 0.9835
Train Loss: 0.0252
Val Loss: 0.0389, Val Accuracy: 0.9845
Epoch 154/300, Train Loss: 0.0252, Val Loss: 0.0389, Val Accuracy: 0.9845
Train Loss: 0.0170
Val Loss: 0.0353, Val Accuracy: 0.9835
Epoch 155/300, Train Loss: 0.0170, Val Loss: 0.0353, Val Accuracy: 0.9835
Train Loss: 0.0225
Val Loss: 0.0358, Val Accuracy: 0.9845
Epoch 156/300, Train Loss: 0.0225, Val Loss: 0.0358, Val Accuracy: 0.9845
Train Loss: 0.0175
Val Loss: 0.0346, Val Accuracy: 0.9850
Epoch 157/300, Train Loss: 0.0175, Val Loss: 0.0346, Val Accuracy: 0.9850
Train Loss: 0.0129
Val Loss: 0.0194, Val Accuracy: 0.9900
Epoch 158/300, Train Loss: 0.0129, Val Loss: 0.0194, Val Accuracy: 0.9900
Train Loss: 0.0190
Val Loss: 0.0439, Val Accuracy: 0.9815
Epoch 159/300, Train Loss: 0.0190, Val Loss: 0.0439, Val Accuracy: 0.9815
Train Loss: 0.0156
Val Loss: 0.6952, Val Accuracy: 0.8155
Epoch 160/300, Train Loss: 0.0156, Val Loss: 0.6952, Val Accuracy: 0.8155
Train Loss: 0.0190
Val Loss: 0.0234, Val Accuracy: 0.9875
Epoch 161/300, Train Loss: 0.0190, Val Loss: 0.0234, Val Accuracy: 0.9875
Train Loss: 0.0135
Val Loss: 0.0335, Val Accuracy: 0.9855
Epoch 162/300, Train Loss: 0.0135, Val Loss: 0.0335, Val Accuracy: 0.9855
Train Loss: 0.0166
Val Loss: 0.0298, Val Accuracy: 0.9875
Epoch 163/300, Train Loss: 0.0166, Val Loss: 0.0298, Val Accuracy: 0.9875
Train Loss: 0.0149
Val Loss: 0.0430, Val Accuracy: 0.9850
Epoch 164/300, Train Loss: 0.0149, Val Loss: 0.0430, Val Accuracy: 0.9850
Train Loss: 0.0141
Val Loss: 0.0282, Val Accuracy: 0.9870
Epoch 165/300, Train Loss: 0.0141, Val Loss: 0.0282, Val Accuracy: 0.9870
Train Loss: 0.0149
Val Loss: 0.0572, Val Accuracy: 0.9775
Epoch 166/300, Train Loss: 0.0149, Val Loss: 0.0572, Val Accuracy: 0.9775
Train Loss: 0.0126
Val Loss: 0.0294, Val Accuracy: 0.9870
Epoch 167/300, Train Loss: 0.0126, Val Loss: 0.0294, Val Accuracy: 0.9870
Train Loss: 0.0196
Val Loss: 0.0315, Val Accuracy: 0.9835
Epoch 168/300, Train Loss: 0.0196, Val Loss: 0.0315, Val Accuracy: 0.9835
Train Loss: 0.0121
Val Loss: 0.0226, Val Accuracy: 0.9885
Epoch 169/300, Train Loss: 0.0121, Val Loss: 0.0226, Val Accuracy: 0.9885
Train Loss: 0.0118
Val Loss: 0.2425, Val Accuracy: 0.9160
Epoch 170/300, Train Loss: 0.0118, Val Loss: 0.2425, Val Accuracy: 0.9160
Train Loss: 0.0153
Val Loss: 0.0178, Val Accuracy: 0.9910
Epoch 171/300, Train Loss: 0.0153, Val Loss: 0.0178, Val Accuracy: 0.9910
Train Loss: 0.0194
Val Loss: 0.0264, Val Accuracy: 0.9865
Epoch 172/300, Train Loss: 0.0194, Val Loss: 0.0264, Val Accuracy: 0.9865
Train Loss: 0.0174
Val Loss: 0.0291, Val Accuracy: 0.9865
Epoch 173/300, Train Loss: 0.0174, Val Loss: 0.0291, Val Accuracy: 0.9865
Train Loss: 0.0121
Val Loss: 0.0215, Val Accuracy: 0.9900
Epoch 174/300, Train Loss: 0.0121, Val Loss: 0.0215, Val Accuracy: 0.9900
Train Loss: 0.0098
Val Loss: 0.0192, Val Accuracy: 0.9900
Epoch 175/300, Train Loss: 0.0098, Val Loss: 0.0192, Val Accuracy: 0.9900
Train Loss: 0.0082
Val Loss: 0.0282, Val Accuracy: 0.9890
Epoch 176/300, Train Loss: 0.0082, Val Loss: 0.0282, Val Accuracy: 0.9890
Train Loss: 0.0482
Val Loss: 0.0689, Val Accuracy: 0.9705
Epoch 177/300, Train Loss: 0.0482, Val Loss: 0.0689, Val Accuracy: 0.9705
Train Loss: 0.0242
Val Loss: 0.0298, Val Accuracy: 0.9865
Epoch 178/300, Train Loss: 0.0242, Val Loss: 0.0298, Val Accuracy: 0.9865
Train Loss: 0.0105
Val Loss: 0.0251, Val Accuracy: 0.9895
Epoch 179/300, Train Loss: 0.0105, Val Loss: 0.0251, Val Accuracy: 0.9895
Train Loss: 0.0088
Val Loss: 0.0240, Val Accuracy: 0.9885
Epoch 180/300, Train Loss: 0.0088, Val Loss: 0.0240, Val Accuracy: 0.9885
Train Loss: 0.0086
Val Loss: 0.0274, Val Accuracy: 0.9875
Epoch 181/300, Train Loss: 0.0086, Val Loss: 0.0274, Val Accuracy: 0.9875
Train Loss: 0.0111
Val Loss: 0.0277, Val Accuracy: 0.9880
Epoch 182/300, Train Loss: 0.0111, Val Loss: 0.0277, Val Accuracy: 0.9880
Train Loss: 0.0087
Val Loss: 0.0231, Val Accuracy: 0.9905
Epoch 183/300, Train Loss: 0.0087, Val Loss: 0.0231, Val Accuracy: 0.9905
Train Loss: 0.0099
Val Loss: 0.0375, Val Accuracy: 0.9860
Epoch 184/300, Train Loss: 0.0099, Val Loss: 0.0375, Val Accuracy: 0.9860
Train Loss: 0.0106
Val Loss: 0.0396, Val Accuracy: 0.9845
Epoch 185/300, Train Loss: 0.0106, Val Loss: 0.0396, Val Accuracy: 0.9845
Train Loss: 0.0168
Val Loss: 0.0220, Val Accuracy: 0.9895
Epoch 186/300, Train Loss: 0.0168, Val Loss: 0.0220, Val Accuracy: 0.9895
Train Loss: 0.0155
Val Loss: 0.0210, Val Accuracy: 0.9905
Epoch 187/300, Train Loss: 0.0155, Val Loss: 0.0210, Val Accuracy: 0.9905
Train Loss: 0.0094
Val Loss: 0.0200, Val Accuracy: 0.9895
Epoch 188/300, Train Loss: 0.0094, Val Loss: 0.0200, Val Accuracy: 0.9895
Train Loss: 0.0112
Val Loss: 0.0391, Val Accuracy: 0.9840
Epoch 189/300, Train Loss: 0.0112, Val Loss: 0.0391, Val Accuracy: 0.9840
Train Loss: 0.0139
Val Loss: 0.0300, Val Accuracy: 0.9880
Epoch 190/300, Train Loss: 0.0139, Val Loss: 0.0300, Val Accuracy: 0.9880
Train Loss: 0.0126
Val Loss: 0.0252, Val Accuracy: 0.9875
Epoch 191/300, Train Loss: 0.0126, Val Loss: 0.0252, Val Accuracy: 0.9875
Train Loss: 0.0063
Val Loss: 0.0323, Val Accuracy: 0.9895
Epoch 192/300, Train Loss: 0.0063, Val Loss: 0.0323, Val Accuracy: 0.9895
Train Loss: 0.0147
Val Loss: 0.0588, Val Accuracy: 0.9820
Epoch 193/300, Train Loss: 0.0147, Val Loss: 0.0588, Val Accuracy: 0.9820
Train Loss: 0.0110
Val Loss: 0.0246, Val Accuracy: 0.9880
Epoch 194/300, Train Loss: 0.0110, Val Loss: 0.0246, Val Accuracy: 0.9880
Train Loss: 0.0152
Val Loss: 0.0278, Val Accuracy: 0.9860
Epoch 195/300, Train Loss: 0.0152, Val Loss: 0.0278, Val Accuracy: 0.9860
Train Loss: 0.0113
Val Loss: 0.4145, Val Accuracy: 0.8685
Epoch 196/300, Train Loss: 0.0113, Val Loss: 0.4145, Val Accuracy: 0.8685
Train Loss: 0.0128
Val Loss: 0.0329, Val Accuracy: 0.9865
Epoch 197/300, Train Loss: 0.0128, Val Loss: 0.0329, Val Accuracy: 0.9865
Train Loss: 0.0067
Val Loss: 0.0290, Val Accuracy: 0.9890
Epoch 198/300, Train Loss: 0.0067, Val Loss: 0.0290, Val Accuracy: 0.9890
Train Loss: 0.0122
Val Loss: 0.0184, Val Accuracy: 0.9925
Epoch 199/300, Train Loss: 0.0122, Val Loss: 0.0184, Val Accuracy: 0.9925
Train Loss: 0.0109
Val Loss: 0.0424, Val Accuracy: 0.9800
Epoch 200/300, Train Loss: 0.0109, Val Loss: 0.0424, Val Accuracy: 0.9800
Train Loss: 0.0082
Val Loss: 0.0189, Val Accuracy: 0.9930
Epoch 201/300, Train Loss: 0.0082, Val Loss: 0.0189, Val Accuracy: 0.9930
Train Loss: 0.0135
Val Loss: 0.0309, Val Accuracy: 0.9865
Epoch 202/300, Train Loss: 0.0135, Val Loss: 0.0309, Val Accuracy: 0.9865
Train Loss: 0.0135
Val Loss: 0.1143, Val Accuracy: 0.9590
Epoch 203/300, Train Loss: 0.0135, Val Loss: 0.1143, Val Accuracy: 0.9590
Train Loss: 0.0091
Val Loss: 0.0233, Val Accuracy: 0.9905
Epoch 204/300, Train Loss: 0.0091, Val Loss: 0.0233, Val Accuracy: 0.9905
Train Loss: 0.0086
Val Loss: 0.0405, Val Accuracy: 0.9825
Epoch 205/300, Train Loss: 0.0086, Val Loss: 0.0405, Val Accuracy: 0.9825
Train Loss: 0.0108
Val Loss: 0.0244, Val Accuracy: 0.9885
Epoch 206/300, Train Loss: 0.0108, Val Loss: 0.0244, Val Accuracy: 0.9885
Train Loss: 0.0103
Val Loss: 0.0758, Val Accuracy: 0.9720
Epoch 207/300, Train Loss: 0.0103, Val Loss: 0.0758, Val Accuracy: 0.9720
Train Loss: 0.0139
Val Loss: 0.0223, Val Accuracy: 0.9880
Epoch 208/300, Train Loss: 0.0139, Val Loss: 0.0223, Val Accuracy: 0.9880
Train Loss: 0.0122
Val Loss: 0.0222, Val Accuracy: 0.9910
Epoch 209/300, Train Loss: 0.0122, Val Loss: 0.0222, Val Accuracy: 0.9910
Train Loss: 0.0138
Val Loss: 0.0188, Val Accuracy: 0.9915
Epoch 210/300, Train Loss: 0.0138, Val Loss: 0.0188, Val Accuracy: 0.9915
Train Loss: 0.0054
Val Loss: 0.0401, Val Accuracy: 0.9875
Epoch 211/300, Train Loss: 0.0054, Val Loss: 0.0401, Val Accuracy: 0.9875
Train Loss: 0.0094
Val Loss: 0.0512, Val Accuracy: 0.9835
Epoch 212/300, Train Loss: 0.0094, Val Loss: 0.0512, Val Accuracy: 0.9835
Train Loss: 0.0183
Val Loss: 0.0244, Val Accuracy: 0.9875
Epoch 213/300, Train Loss: 0.0183, Val Loss: 0.0244, Val Accuracy: 0.9875
Train Loss: 0.0062
Val Loss: 0.0270, Val Accuracy: 0.9880
Epoch 214/300, Train Loss: 0.0062, Val Loss: 0.0270, Val Accuracy: 0.9880
Train Loss: 0.0133
Val Loss: 0.0295, Val Accuracy: 0.9875
Epoch 215/300, Train Loss: 0.0133, Val Loss: 0.0295, Val Accuracy: 0.9875
Train Loss: 0.0127
Val Loss: 0.0245, Val Accuracy: 0.9900
Epoch 216/300, Train Loss: 0.0127, Val Loss: 0.0245, Val Accuracy: 0.9900
Train Loss: 0.0080
Val Loss: 0.0186, Val Accuracy: 0.9910
Epoch 217/300, Train Loss: 0.0080, Val Loss: 0.0186, Val Accuracy: 0.9910
Train Loss: 0.0063
Val Loss: 0.0233, Val Accuracy: 0.9900
Epoch 218/300, Train Loss: 0.0063, Val Loss: 0.0233, Val Accuracy: 0.9900
Train Loss: 0.0108
Val Loss: 0.0466, Val Accuracy: 0.9830
Epoch 219/300, Train Loss: 0.0108, Val Loss: 0.0466, Val Accuracy: 0.9830
Train Loss: 0.0097
Val Loss: 0.0190, Val Accuracy: 0.9915
Epoch 220/300, Train Loss: 0.0097, Val Loss: 0.0190, Val Accuracy: 0.9915
Train Loss: 0.0094
Val Loss: 0.0220, Val Accuracy: 0.9900
Epoch 221/300, Train Loss: 0.0094, Val Loss: 0.0220, Val Accuracy: 0.9900
Train Loss: 0.0073
Val Loss: 0.0294, Val Accuracy: 0.9895
Epoch 222/300, Train Loss: 0.0073, Val Loss: 0.0294, Val Accuracy: 0.9895
Train Loss: 0.0152
Val Loss: 0.0182, Val Accuracy: 0.9920
Epoch 223/300, Train Loss: 0.0152, Val Loss: 0.0182, Val Accuracy: 0.9920
Train Loss: 0.0072
Val Loss: 0.0274, Val Accuracy: 0.9885
Epoch 224/300, Train Loss: 0.0072, Val Loss: 0.0274, Val Accuracy: 0.9885
Train Loss: 0.0085
Val Loss: 0.0273, Val Accuracy: 0.9890
Epoch 225/300, Train Loss: 0.0085, Val Loss: 0.0273, Val Accuracy: 0.9890
Train Loss: 0.0093
Val Loss: 0.0282, Val Accuracy: 0.9885
Epoch 226/300, Train Loss: 0.0093, Val Loss: 0.0282, Val Accuracy: 0.9885
Train Loss: 0.0065
Val Loss: 0.0239, Val Accuracy: 0.9905
Epoch 227/300, Train Loss: 0.0065, Val Loss: 0.0239, Val Accuracy: 0.9905
Train Loss: 0.0105
Val Loss: 0.0309, Val Accuracy: 0.9880
Epoch 228/300, Train Loss: 0.0105, Val Loss: 0.0309, Val Accuracy: 0.9880
Train Loss: 0.0110
Val Loss: 0.0219, Val Accuracy: 0.9920
Epoch 229/300, Train Loss: 0.0110, Val Loss: 0.0219, Val Accuracy: 0.9920
Train Loss: 0.0132
Val Loss: 0.0224, Val Accuracy: 0.9885
Epoch 230/300, Train Loss: 0.0132, Val Loss: 0.0224, Val Accuracy: 0.9885
Train Loss: 0.0093
Val Loss: 0.0295, Val Accuracy: 0.9885
Epoch 231/300, Train Loss: 0.0093, Val Loss: 0.0295, Val Accuracy: 0.9885
Train Loss: 0.0072
Val Loss: 0.0190, Val Accuracy: 0.9910
Epoch 232/300, Train Loss: 0.0072, Val Loss: 0.0190, Val Accuracy: 0.9910
Train Loss: 0.0044
Val Loss: 0.0166, Val Accuracy: 0.9920
Epoch 233/300, Train Loss: 0.0044, Val Loss: 0.0166, Val Accuracy: 0.9920
Train Loss: 0.0105
Val Loss: 0.0272, Val Accuracy: 0.9875
Epoch 234/300, Train Loss: 0.0105, Val Loss: 0.0272, Val Accuracy: 0.9875
Train Loss: 0.0051
Val Loss: 0.0188, Val Accuracy: 0.9920
Epoch 235/300, Train Loss: 0.0051, Val Loss: 0.0188, Val Accuracy: 0.9920
Train Loss: 0.0050
Val Loss: 0.0273, Val Accuracy: 0.9905
Epoch 236/300, Train Loss: 0.0050, Val Loss: 0.0273, Val Accuracy: 0.9905
Train Loss: 0.0138
Val Loss: 0.0213, Val Accuracy: 0.9905
Epoch 237/300, Train Loss: 0.0138, Val Loss: 0.0213, Val Accuracy: 0.9905
Train Loss: 0.0067
Val Loss: 0.0192, Val Accuracy: 0.9945
Epoch 238/300, Train Loss: 0.0067, Val Loss: 0.0192, Val Accuracy: 0.9945
Train Loss: 0.0094
Val Loss: 0.0209, Val Accuracy: 0.9930
Epoch 239/300, Train Loss: 0.0094, Val Loss: 0.0209, Val Accuracy: 0.9930
Train Loss: 0.0094
Val Loss: 0.0143, Val Accuracy: 0.9950
Epoch 240/300, Train Loss: 0.0094, Val Loss: 0.0143, Val Accuracy: 0.9950
Train Loss: 0.0031
Val Loss: 0.0214, Val Accuracy: 0.9930
Epoch 241/300, Train Loss: 0.0031, Val Loss: 0.0214, Val Accuracy: 0.9930
Train Loss: 0.0096
Val Loss: 0.0329, Val Accuracy: 0.9855
Epoch 242/300, Train Loss: 0.0096, Val Loss: 0.0329, Val Accuracy: 0.9855
Train Loss: 0.0107
Val Loss: 0.0172, Val Accuracy: 0.9930
Epoch 243/300, Train Loss: 0.0107, Val Loss: 0.0172, Val Accuracy: 0.9930
Train Loss: 0.0057
Val Loss: 0.0343, Val Accuracy: 0.9860
Epoch 244/300, Train Loss: 0.0057, Val Loss: 0.0343, Val Accuracy: 0.9860
Train Loss: 0.0136
Val Loss: 0.0173, Val Accuracy: 0.9935
Epoch 245/300, Train Loss: 0.0136, Val Loss: 0.0173, Val Accuracy: 0.9935
Train Loss: 0.0052
Val Loss: 0.0228, Val Accuracy: 0.9905
Epoch 246/300, Train Loss: 0.0052, Val Loss: 0.0228, Val Accuracy: 0.9905
Train Loss: 0.0104
Val Loss: 0.0298, Val Accuracy: 0.9890
Epoch 247/300, Train Loss: 0.0104, Val Loss: 0.0298, Val Accuracy: 0.9890
Train Loss: 0.0067
Val Loss: 0.0230, Val Accuracy: 0.9905
Epoch 248/300, Train Loss: 0.0067, Val Loss: 0.0230, Val Accuracy: 0.9905
Train Loss: 0.0052
Val Loss: 0.0134, Val Accuracy: 0.9940
Epoch 249/300, Train Loss: 0.0052, Val Loss: 0.0134, Val Accuracy: 0.9940
Train Loss: 0.0137
Val Loss: 0.3545, Val Accuracy: 0.8910
Epoch 250/300, Train Loss: 0.0137, Val Loss: 0.3545, Val Accuracy: 0.8910
Train Loss: 0.0068
Val Loss: 0.0148, Val Accuracy: 0.9930
Epoch 251/300, Train Loss: 0.0068, Val Loss: 0.0148, Val Accuracy: 0.9930
Train Loss: 0.0034
Val Loss: 0.0191, Val Accuracy: 0.9915
Epoch 252/300, Train Loss: 0.0034, Val Loss: 0.0191, Val Accuracy: 0.9915
Train Loss: 0.0049
Val Loss: 0.0217, Val Accuracy: 0.9920
Epoch 253/300, Train Loss: 0.0049, Val Loss: 0.0217, Val Accuracy: 0.9920
Train Loss: 0.0066
Val Loss: 0.0317, Val Accuracy: 0.9910
Epoch 254/300, Train Loss: 0.0066, Val Loss: 0.0317, Val Accuracy: 0.9910
Train Loss: 0.0111
Val Loss: 0.0195, Val Accuracy: 0.9935
Epoch 255/300, Train Loss: 0.0111, Val Loss: 0.0195, Val Accuracy: 0.9935
Train Loss: 0.0058
Val Loss: 0.0129, Val Accuracy: 0.9970
Epoch 256/300, Train Loss: 0.0058, Val Loss: 0.0129, Val Accuracy: 0.9970
Train Loss: 0.0076
Val Loss: 0.0124, Val Accuracy: 0.9950
Epoch 257/300, Train Loss: 0.0076, Val Loss: 0.0124, Val Accuracy: 0.9950
Train Loss: 0.0036
Val Loss: 0.0182, Val Accuracy: 0.9940
Epoch 258/300, Train Loss: 0.0036, Val Loss: 0.0182, Val Accuracy: 0.9940
Train Loss: 0.0119
Val Loss: 0.0381, Val Accuracy: 0.9850
Epoch 259/300, Train Loss: 0.0119, Val Loss: 0.0381, Val Accuracy: 0.9850
Train Loss: 0.0037
Val Loss: 0.0115, Val Accuracy: 0.9950
Epoch 260/300, Train Loss: 0.0037, Val Loss: 0.0115, Val Accuracy: 0.9950
Train Loss: 0.0107
Val Loss: 0.0155, Val Accuracy: 0.9915
Epoch 261/300, Train Loss: 0.0107, Val Loss: 0.0155, Val Accuracy: 0.9915
Train Loss: 0.0041
Val Loss: 0.0148, Val Accuracy: 0.9935
Epoch 262/300, Train Loss: 0.0041, Val Loss: 0.0148, Val Accuracy: 0.9935
Train Loss: 0.0096
Val Loss: 0.0167, Val Accuracy: 0.9925
Epoch 263/300, Train Loss: 0.0096, Val Loss: 0.0167, Val Accuracy: 0.9925
Train Loss: 0.0066
Val Loss: 0.7796, Val Accuracy: 0.8160
Epoch 264/300, Train Loss: 0.0066, Val Loss: 0.7796, Val Accuracy: 0.8160
Train Loss: 0.0084
Val Loss: 0.0247, Val Accuracy: 0.9920
Epoch 265/300, Train Loss: 0.0084, Val Loss: 0.0247, Val Accuracy: 0.9920
Train Loss: 0.0032
Val Loss: 0.0168, Val Accuracy: 0.9950
Epoch 266/300, Train Loss: 0.0032, Val Loss: 0.0168, Val Accuracy: 0.9950
Train Loss: 0.0032
Val Loss: 0.0159, Val Accuracy: 0.9960
Epoch 267/300, Train Loss: 0.0032, Val Loss: 0.0159, Val Accuracy: 0.9960
Train Loss: 0.0065
Val Loss: 0.0534, Val Accuracy: 0.9810
Epoch 268/300, Train Loss: 0.0065, Val Loss: 0.0534, Val Accuracy: 0.9810
Train Loss: 0.0096
Val Loss: 0.0272, Val Accuracy: 0.9880
Epoch 269/300, Train Loss: 0.0096, Val Loss: 0.0272, Val Accuracy: 0.9880
Train Loss: 0.0062
Val Loss: 0.0226, Val Accuracy: 0.9920
Epoch 270/300, Train Loss: 0.0062, Val Loss: 0.0226, Val Accuracy: 0.9920
Train Loss: 0.0129
Val Loss: 0.0177, Val Accuracy: 0.9930
Epoch 271/300, Train Loss: 0.0129, Val Loss: 0.0177, Val Accuracy: 0.9930
Train Loss: 0.0056
Val Loss: 0.0146, Val Accuracy: 0.9945
Epoch 272/300, Train Loss: 0.0056, Val Loss: 0.0146, Val Accuracy: 0.9945
Train Loss: 0.0055
Val Loss: 0.0127, Val Accuracy: 0.9955
Epoch 273/300, Train Loss: 0.0055, Val Loss: 0.0127, Val Accuracy: 0.9955
Train Loss: 0.0103
Val Loss: 0.0198, Val Accuracy: 0.9900
Epoch 274/300, Train Loss: 0.0103, Val Loss: 0.0198, Val Accuracy: 0.9900
Train Loss: 0.0049
Val Loss: 0.0143, Val Accuracy: 0.9935
Epoch 275/300, Train Loss: 0.0049, Val Loss: 0.0143, Val Accuracy: 0.9935
Train Loss: 0.0146
Val Loss: 0.0261, Val Accuracy: 0.9880
Epoch 276/300, Train Loss: 0.0146, Val Loss: 0.0261, Val Accuracy: 0.9880
Train Loss: 0.0051
Val Loss: 0.0252, Val Accuracy: 0.9930
Epoch 277/300, Train Loss: 0.0051, Val Loss: 0.0252, Val Accuracy: 0.9930
Train Loss: 0.0070
Val Loss: 0.0184, Val Accuracy: 0.9935
Epoch 278/300, Train Loss: 0.0070, Val Loss: 0.0184, Val Accuracy: 0.9935
Train Loss: 0.0046
Val Loss: 0.0187, Val Accuracy: 0.9935
Epoch 279/300, Train Loss: 0.0046, Val Loss: 0.0187, Val Accuracy: 0.9935
Train Loss: 0.0067
Val Loss: 0.0161, Val Accuracy: 0.9940
Epoch 280/300, Train Loss: 0.0067, Val Loss: 0.0161, Val Accuracy: 0.9940
Train Loss: 0.0092
Val Loss: 0.0311, Val Accuracy: 0.9855
Epoch 281/300, Train Loss: 0.0092, Val Loss: 0.0311, Val Accuracy: 0.9855
Train Loss: 0.0056
Val Loss: 0.0196, Val Accuracy: 0.9930
Epoch 282/300, Train Loss: 0.0056, Val Loss: 0.0196, Val Accuracy: 0.9930
Train Loss: 0.0064
Val Loss: 0.0254, Val Accuracy: 0.9925
Epoch 283/300, Train Loss: 0.0064, Val Loss: 0.0254, Val Accuracy: 0.9925
Train Loss: 0.0082
Val Loss: 0.0255, Val Accuracy: 0.9935
Epoch 284/300, Train Loss: 0.0082, Val Loss: 0.0255, Val Accuracy: 0.9935
Train Loss: 0.0080
Val Loss: 0.0305, Val Accuracy: 0.9895
Epoch 285/300, Train Loss: 0.0080, Val Loss: 0.0305, Val Accuracy: 0.9895
Train Loss: 0.0033
Val Loss: 0.0169, Val Accuracy: 0.9945
Epoch 286/300, Train Loss: 0.0033, Val Loss: 0.0169, Val Accuracy: 0.9945
Train Loss: 0.0098
Val Loss: 0.0150, Val Accuracy: 0.9940
Epoch 287/300, Train Loss: 0.0098, Val Loss: 0.0150, Val Accuracy: 0.9940
Train Loss: 0.0039
Val Loss: 0.0180, Val Accuracy: 0.9950
Epoch 288/300, Train Loss: 0.0039, Val Loss: 0.0180, Val Accuracy: 0.9950
Train Loss: 0.0034
Val Loss: 0.0208, Val Accuracy: 0.9935
Epoch 289/300, Train Loss: 0.0034, Val Loss: 0.0208, Val Accuracy: 0.9935
Train Loss: 0.0029
Val Loss: 0.0224, Val Accuracy: 0.9930
Epoch 290/300, Train Loss: 0.0029, Val Loss: 0.0224, Val Accuracy: 0.9930
Train Loss: 0.0090
Val Loss: 0.0239, Val Accuracy: 0.9895
Epoch 291/300, Train Loss: 0.0090, Val Loss: 0.0239, Val Accuracy: 0.9895
Train Loss: 0.0084
Val Loss: 0.0206, Val Accuracy: 0.9905
Epoch 292/300, Train Loss: 0.0084, Val Loss: 0.0206, Val Accuracy: 0.9905
Train Loss: 0.0047
Val Loss: 0.0250, Val Accuracy: 0.9905
Epoch 293/300, Train Loss: 0.0047, Val Loss: 0.0250, Val Accuracy: 0.9905
Train Loss: 0.0026
Val Loss: 0.0134, Val Accuracy: 0.9935
Epoch 294/300, Train Loss: 0.0026, Val Loss: 0.0134, Val Accuracy: 0.9935
Train Loss: 0.0204
Val Loss: 0.0451, Val Accuracy: 0.9810
Epoch 295/300, Train Loss: 0.0204, Val Loss: 0.0451, Val Accuracy: 0.9810
Train Loss: 0.0077
Val Loss: 0.0142, Val Accuracy: 0.9965
Epoch 296/300, Train Loss: 0.0077, Val Loss: 0.0142, Val Accuracy: 0.9965
Train Loss: 0.0030
Val Loss: 0.0148, Val Accuracy: 0.9950
Epoch 297/300, Train Loss: 0.0030, Val Loss: 0.0148, Val Accuracy: 0.9950
Train Loss: 0.0043
Val Loss: 0.0185, Val Accuracy: 0.9925
Epoch 298/300, Train Loss: 0.0043, Val Loss: 0.0185, Val Accuracy: 0.9925
Train Loss: 0.0080
Val Loss: 0.0150, Val Accuracy: 0.9935
Epoch 299/300, Train Loss: 0.0080, Val Loss: 0.0150, Val Accuracy: 0.9935
Train Loss: 0.0051
Val Loss: 0.0318, Val Accuracy: 0.9890
Epoch 300/300, Train Loss: 0.0051, Val Loss: 0.0318, Val Accuracy: 0.9890
Model training completed.
